[debug] [2020-09-10T21:35:40.167Z] ----------------------------------------------------------------------
[debug] [2020-09-10T21:35:40.171Z] Command:       C:\Program Files\nodejs\node.exe C:\Users\Shyamal\AppData\Roaming\npm\node_modules\firebase-tools\lib\bin\firebase.js emulators:start
[debug] [2020-09-10T21:35:40.171Z] CLI Version:   8.10.0
[debug] [2020-09-10T21:35:40.171Z] Platform:      win32
[debug] [2020-09-10T21:35:40.171Z] Node Version:  v12.16.3
[debug] [2020-09-10T21:35:40.173Z] Time:          Fri Sep 11 2020 03:05:40 GMT+0530 (India Standard Time)
[debug] [2020-09-10T21:35:40.173Z] ----------------------------------------------------------------------
[debug] [2020-09-10T21:35:40.173Z] 
[debug] [2020-09-10T21:35:40.185Z] > command requires scopes: ["email","openid","https://www.googleapis.com/auth/cloudplatformprojects.readonly","https://www.googleapis.com/auth/firebase","https://www.googleapis.com/auth/cloud-platform"]
[debug] [2020-09-10T21:35:40.187Z] > authorizing via signed-in user
[info] i  emulators: Starting emulators: functions, hosting {"metadata":{"emulator":{"name":"hub"},"message":"Starting emulators: functions, hosting"}}
[debug] [2020-09-10T21:35:42.239Z] [hub] writing locator at C:\Users\Shyamal\AppData\Local\Temp\hub-clone-2496b.json
[warn] !  functions: The following emulators are not running, calls to these services from the Functions emulator will affect production: firestore, database, pubsub {"metadata":{"emulator":{"name":"functions"},"message":"The following emulators are not running, calls to these services from the Functions emulator will affect production: \u001b[1mfirestore, database, pubsub\u001b[22m"}}
[warn] !  Your requested "node" version "10" doesn't match your global version "12" {"metadata":{"emulator":{"name":"functions"},"message":"Your requested \"node\" version \"10\" doesn't match your global version \"12\""}}
[debug] [2020-09-10T21:35:44.321Z] defaultcredentials: writing to file C:\Users\Shyamal\AppData\Roaming\firebase\patelshyamal016_gmail_com_application_default_credentials.json
[debug] [2020-09-10T21:35:44.329Z] Setting GAC to C:\Users\Shyamal\AppData\Roaming\firebase\patelshyamal016_gmail_com_application_default_credentials.json {"metadata":{"emulator":{"name":"functions"},"message":"Setting GAC to C:\\Users\\Shyamal\\AppData\\Roaming\\firebase\\patelshyamal016_gmail_com_application_default_credentials.json"}}
[debug] [2020-09-10T21:35:46.379Z] >>> HTTP REQUEST GET https://firebase.googleapis.com/v1beta1/projects/clone-2496b/webApps/-/config  
 
[debug] [2020-09-10T21:35:48.042Z] <<< HTTP RESPONSE 200 {"content-type":"application/json; charset=UTF-8","vary":"X-Origin, Referer, Origin,Accept-Encoding","date":"Thu, 10 Sep 2020 21:35:48 GMT","server":"ESF","cache-control":"private","x-xss-protection":"0","x-frame-options":"SAMEORIGIN","x-content-type-options":"nosniff","alt-svc":"h3-29=\":443\"; ma=2592000,h3-27=\":443\"; ma=2592000,h3-T051=\":443\"; ma=2592000,h3-T050=\":443\"; ma=2592000,h3-Q050=\":443\"; ma=2592000,h3-Q046=\":443\"; ma=2592000,h3-Q043=\":443\"; ma=2592000,quic=\":443\"; ma=2592000; v=\"46,43\"","accept-ranges":"none","transfer-encoding":"chunked"}
[info] i  hosting: Serving hosting files from: build {"metadata":{"emulator":{"name":"hosting"},"message":"Serving hosting files from: \u001b[1mbuild\u001b[22m"}}
[info] +  hosting: Local server: http://localhost:5000 {"metadata":{"emulator":{"name":"hosting"},"message":"Local server: \u001b[4m\u001b[1mhttp://localhost:5000\u001b[22m\u001b[24m"}}
[debug] [2020-09-10T21:35:52.168Z] Ignoring unsupported arg: auto_download {"metadata":{"emulator":{"name":"ui"},"message":"Ignoring unsupported arg: auto_download"}}
[debug] [2020-09-10T21:35:52.168Z] Ignoring unsupported arg: port {"metadata":{"emulator":{"name":"ui"},"message":"Ignoring unsupported arg: port"}}
[debug] [2020-09-10T21:35:52.169Z] Starting Emulator UI with command {"binary":"node","args":["C:\\Users\\Shyamal\\.cache\\firebase\\emulators\\ui-v1.1.1\\server.bundle.js"],"optionalArgs":[],"joinArgs":false} {"metadata":{"emulator":{"name":"ui"},"message":"Starting Emulator UI with command {\"binary\":\"node\",\"args\":[\"C:\\\\Users\\\\Shyamal\\\\.cache\\\\firebase\\\\emulators\\\\ui-v1.1.1\\\\server.bundle.js\"],\"optionalArgs\":[],\"joinArgs\":false}"}}
[info] i  ui: Emulator UI logging to ui-debug.log {"metadata":{"emulator":{"name":"ui"},"message":"Emulator UI logging to \u001b[1mui-debug.log\u001b[22m"}}
[debug] [2020-09-10T21:35:53.051Z] Web / API server started at http://localhost:4000
 {"metadata":{"emulator":{"name":"ui"},"message":"Web / API server started at http://localhost:4000\n"}}
[info] i  functions: Watching "D:\reactjs\amazon\amazon\functions" for Cloud Functions... {"metadata":{"emulator":{"name":"functions"},"message":"Watching \"D:\\reactjs\\amazon\\amazon\\functions\" for Cloud Functions..."}}
[debug] [2020-09-10T21:35:53.971Z] [worker-pool] addWorker(~diagnostic~) {"metadata":{"emulator":{"name":"functions"},"message":"[worker-pool] addWorker(~diagnostic~)"}}
[debug] [2020-09-10T21:35:53.971Z] [worker-pool] Adding worker with key ~diagnostic~, total=1 {"metadata":{"emulator":{"name":"functions"},"message":"[worker-pool] Adding worker with key ~diagnostic~, total=1"}}
[debug] [2020-09-10T21:35:53.971Z] [worker-pool] submitWork(triggerId=) {"metadata":{"emulator":{"name":"functions"},"message":"[worker-pool] submitWork(triggerId=)"}}
[debug] [2020-09-10T21:35:53.971Z] [worker-~diagnostic~-9489d506-9747-4b09-9f86-c4a16e5f711c]: Assigning socketPath: \\?\pipe\D:\reactjs\amazon\amazon\functions\7972 {"metadata":{"emulator":{"name":"functions"},"message":"[worker-~diagnostic~-9489d506-9747-4b09-9f86-c4a16e5f711c]: Assigning socketPath: \\\\?\\pipe\\D:\\reactjs\\amazon\\amazon\\functions\\7972"}}
[debug] [2020-09-10T21:35:53.972Z] [worker-~diagnostic~-9489d506-9747-4b09-9f86-c4a16e5f711c]: BUSY {"metadata":{"emulator":{"name":"functions"},"message":"[worker-~diagnostic~-9489d506-9747-4b09-9f86-c4a16e5f711c]: BUSY"}}
[debug] [2020-09-10T21:35:54.681Z] [runtime-status] [7972] Functions runtime initialized. {"cwd":"D:\\reactjs\\amazon\\amazon\\functions","node_version":"12.16.3"} {"metadata":{"emulator":{"name":"functions"},"message":"[runtime-status] [7972] Functions runtime initialized. {\"cwd\":\"D:\\\\reactjs\\\\amazon\\\\amazon\\\\functions\",\"node_version\":\"12.16.3\"}"}}
[debug] [2020-09-10T21:35:54.683Z] [runtime-status] [7972] Disabled runtime features: undefined {"metadata":{"emulator":{"name":"functions"},"message":"[runtime-status] [7972] Disabled runtime features: undefined"}}
[debug] [2020-09-10T21:35:54.689Z] [runtime-status] [7972] Resolved module firebase-admin {"declared":true,"installed":true,"version":"8.13.0","resolution":"D:\\reactjs\\amazon\\amazon\\functions\\node_modules\\firebase-admin\\lib\\index.js"} {"metadata":{"emulator":{"name":"functions"},"message":"[runtime-status] [7972] Resolved module firebase-admin {\"declared\":true,\"installed\":true,\"version\":\"8.13.0\",\"resolution\":\"D:\\\\reactjs\\\\amazon\\\\amazon\\\\functions\\\\node_modules\\\\firebase-admin\\\\lib\\\\index.js\"}"}}
[debug] [2020-09-10T21:35:54.694Z] [runtime-status] [7972] Resolved module firebase-functions {"declared":true,"installed":true,"version":"3.11.0","resolution":"D:\\reactjs\\amazon\\amazon\\functions\\node_modules\\firebase-functions\\lib\\index.js"} {"metadata":{"emulator":{"name":"functions"},"message":"[runtime-status] [7972] Resolved module firebase-functions {\"declared\":true,\"installed\":true,\"version\":\"3.11.0\",\"resolution\":\"D:\\\\reactjs\\\\amazon\\\\amazon\\\\functions\\\\node_modules\\\\firebase-functions\\\\lib\\\\index.js\"}"}}
[debug] [2020-09-10T21:35:54.696Z] [runtime-status] [7972] Resolved module firebase-functions {"declared":true,"installed":true,"version":"3.11.0","resolution":"D:\\reactjs\\amazon\\amazon\\functions\\node_modules\\firebase-functions\\lib\\index.js"} {"metadata":{"emulator":{"name":"functions"},"message":"[runtime-status] [7972] Resolved module firebase-functions {\"declared\":true,\"installed\":true,\"version\":\"3.11.0\",\"resolution\":\"D:\\\\reactjs\\\\amazon\\\\amazon\\\\functions\\\\node_modules\\\\firebase-functions\\\\lib\\\\index.js\"}"}}
[debug] [2020-09-10T21:35:54.699Z] [runtime-status] [7972] Outgoing network have been stubbed. [{"name":"http","status":"mocked"},{"name":"http","status":"mocked"},{"name":"https","status":"mocked"},{"name":"https","status":"mocked"},{"name":"net","status":"mocked"}] {"metadata":{"emulator":{"name":"functions"},"message":"[runtime-status] [7972] Outgoing network have been stubbed. [{\"name\":\"http\",\"status\":\"mocked\"},{\"name\":\"http\",\"status\":\"mocked\"},{\"name\":\"https\",\"status\":\"mocked\"},{\"name\":\"https\",\"status\":\"mocked\"},{\"name\":\"net\",\"status\":\"mocked\"}]"}}
[debug] [2020-09-10T21:35:54.700Z] [runtime-status] [7972] Resolved module firebase-functions {"declared":true,"installed":true,"version":"3.11.0","resolution":"D:\\reactjs\\amazon\\amazon\\functions\\node_modules\\firebase-functions\\lib\\index.js"} {"metadata":{"emulator":{"name":"functions"},"message":"[runtime-status] [7972] Resolved module firebase-functions {\"declared\":true,\"installed\":true,\"version\":\"3.11.0\",\"resolution\":\"D:\\\\reactjs\\\\amazon\\\\amazon\\\\functions\\\\node_modules\\\\firebase-functions\\\\lib\\\\index.js\"}"}}
[debug] [2020-09-10T21:35:54.760Z] [runtime-status] [7972] Checked functions.config() {"config":{}} {"metadata":{"emulator":{"name":"functions"},"message":"[runtime-status] [7972] Checked functions.config() {\"config\":{}}"}}
[debug] [2020-09-10T21:35:54.761Z] [runtime-status] [7972] firebase-functions has been stubbed. {"functionsResolution":{"declared":true,"installed":true,"version":"3.11.0","resolution":"D:\\reactjs\\amazon\\amazon\\functions\\node_modules\\firebase-functions\\lib\\index.js"}} {"metadata":{"emulator":{"name":"functions"},"message":"[runtime-status] [7972] firebase-functions has been stubbed. {\"functionsResolution\":{\"declared\":true,\"installed\":true,\"version\":\"3.11.0\",\"resolution\":\"D:\\\\reactjs\\\\amazon\\\\amazon\\\\functions\\\\node_modules\\\\firebase-functions\\\\lib\\\\index.js\"}}"}}
[debug] [2020-09-10T21:35:54.761Z] [runtime-status] [7972] Resolved module firebase-functions {"declared":true,"installed":true,"version":"3.11.0","resolution":"D:\\reactjs\\amazon\\amazon\\functions\\node_modules\\firebase-functions\\lib\\index.js"} {"metadata":{"emulator":{"name":"functions"},"message":"[runtime-status] [7972] Resolved module firebase-functions {\"declared\":true,\"installed\":true,\"version\":\"3.11.0\",\"resolution\":\"D:\\\\reactjs\\\\amazon\\\\amazon\\\\functions\\\\node_modules\\\\firebase-functions\\\\lib\\\\index.js\"}"}}
[debug] [2020-09-10T21:35:54.762Z] [runtime-status] [7972] Resolved module firebase-admin {"declared":true,"installed":true,"version":"8.13.0","resolution":"D:\\reactjs\\amazon\\amazon\\functions\\node_modules\\firebase-admin\\lib\\index.js"} {"metadata":{"emulator":{"name":"functions"},"message":"[runtime-status] [7972] Resolved module firebase-admin {\"declared\":true,\"installed\":true,\"version\":\"8.13.0\",\"resolution\":\"D:\\\\reactjs\\\\amazon\\\\amazon\\\\functions\\\\node_modules\\\\firebase-admin\\\\lib\\\\index.js\"}"}}
[debug] [2020-09-10T21:35:54.763Z] [runtime-status] [7972] Resolved module firebase-functions {"declared":true,"installed":true,"version":"3.11.0","resolution":"D:\\reactjs\\amazon\\amazon\\functions\\node_modules\\firebase-functions\\lib\\index.js"} {"metadata":{"emulator":{"name":"functions"},"message":"[runtime-status] [7972] Resolved module firebase-functions {\"declared\":true,\"installed\":true,\"version\":\"3.11.0\",\"resolution\":\"D:\\\\reactjs\\\\amazon\\\\amazon\\\\functions\\\\node_modules\\\\firebase-functions\\\\lib\\\\index.js\"}"}}
[debug] [2020-09-10T21:35:54.763Z] [runtime-status] [7972] firebase-admin has been stubbed. {"adminResolution":{"declared":true,"installed":true,"version":"8.13.0","resolution":"D:\\reactjs\\amazon\\amazon\\functions\\node_modules\\firebase-admin\\lib\\index.js"}} {"metadata":{"emulator":{"name":"functions"},"message":"[runtime-status] [7972] firebase-admin has been stubbed. {\"adminResolution\":{\"declared\":true,\"installed\":true,\"version\":\"8.13.0\",\"resolution\":\"D:\\\\reactjs\\\\amazon\\\\amazon\\\\functions\\\\node_modules\\\\firebase-admin\\\\lib\\\\index.js\"}}"}}
[info] +  functions[api]: http function initialized (http://localhost:5001/clone-2496b/us-central1/api). {"metadata":{"emulator":{"name":"functions"},"message":"\u001b[1mhttp\u001b[22m function initialized (http://localhost:5001/clone-2496b/us-central1/api)."}}
[info] 
┌───────────────────────────────────────────────────────────────────────┐
│ ✔  All emulators ready! View status and logs at http://localhost:4000 │
└───────────────────────────────────────────────────────────────────────┘

┌───────────┬────────────────┬─────────────────────────────────┐
│ Emulator  │ Host:Port      │ View in Emulator UI             │
├───────────┼────────────────┼─────────────────────────────────┤
│ Functions │ localhost:5001 │ http://localhost:4000/functions │
├───────────┼────────────────┼─────────────────────────────────┤
│ Hosting   │ localhost:5000 │ n/a                             │
└───────────┴────────────────┴─────────────────────────────────┘
  Other reserved ports: 4400, 4500

Issues? Report them at https://github.com/firebase/firebase-tools/issues and attach the *-debug.log files.
 
[debug] [2020-09-10T21:35:54.986Z] [worker-~diagnostic~-9489d506-9747-4b09-9f86-c4a16e5f711c]: IDLE {"metadata":{"emulator":{"name":"functions"},"message":"[worker-~diagnostic~-9489d506-9747-4b09-9f86-c4a16e5f711c]: IDLE"}}
[debug] [2020-09-10T21:36:02.916Z] [work-queue] {"queueLength":1,"workRunningCount":0}
[debug] [2020-09-10T21:36:02.917Z] [work-queue] {"queueLength":0,"workRunningCount":1}
[debug] [2020-09-10T21:36:02.918Z] Accepted request GET /clone-2496b/us-central1/api/ --> api
[debug] [2020-09-10T21:36:03.551Z] [worker-pool] addWorker(api) {"metadata":{"emulator":{"name":"functions"},"message":"[worker-pool] addWorker(api)"}}
[debug] [2020-09-10T21:36:03.551Z] [worker-pool] Adding worker with key api, total=1 {"metadata":{"emulator":{"name":"functions"},"message":"[worker-pool] Adding worker with key api, total=1"}}
[debug] [2020-09-10T21:36:03.551Z] [worker-pool] submitWork(triggerId=api) {"metadata":{"emulator":{"name":"functions"},"message":"[worker-pool] submitWork(triggerId=api)"}}
[debug] [2020-09-10T21:36:03.551Z] [worker-api-00d66172-b6b9-42f0-87d9-224b7cc4d767]: Assigning socketPath: \\?\pipe\D:\reactjs\amazon\amazon\functions\6940 {"metadata":{"emulator":{"name":"functions"},"message":"[worker-api-00d66172-b6b9-42f0-87d9-224b7cc4d767]: Assigning socketPath: \\\\?\\pipe\\D:\\reactjs\\amazon\\amazon\\functions\\6940"}}
[debug] [2020-09-10T21:36:03.552Z] [worker-api-00d66172-b6b9-42f0-87d9-224b7cc4d767]: BUSY {"metadata":{"emulator":{"name":"functions"},"message":"[worker-api-00d66172-b6b9-42f0-87d9-224b7cc4d767]: BUSY"}}
[debug] [2020-09-10T21:36:04.386Z] [runtime-status] [6940] Functions runtime initialized. {"cwd":"D:\\reactjs\\amazon\\amazon\\functions","node_version":"12.16.3"} {"metadata":{"emulator":{"name":"functions"},"function":{"name":"api"},"message":"[runtime-status] [6940] Functions runtime initialized. {\"cwd\":\"D:\\\\reactjs\\\\amazon\\\\amazon\\\\functions\",\"node_version\":\"12.16.3\"}"}}
[debug] [2020-09-10T21:36:04.388Z] [runtime-status] [6940] Disabled runtime features: undefined {"metadata":{"emulator":{"name":"functions"},"function":{"name":"api"},"message":"[runtime-status] [6940] Disabled runtime features: undefined"}}
[debug] [2020-09-10T21:36:04.392Z] [runtime-status] [6940] Resolved module firebase-admin {"declared":true,"installed":true,"version":"8.13.0","resolution":"D:\\reactjs\\amazon\\amazon\\functions\\node_modules\\firebase-admin\\lib\\index.js"} {"metadata":{"emulator":{"name":"functions"},"function":{"name":"api"},"message":"[runtime-status] [6940] Resolved module firebase-admin {\"declared\":true,\"installed\":true,\"version\":\"8.13.0\",\"resolution\":\"D:\\\\reactjs\\\\amazon\\\\amazon\\\\functions\\\\node_modules\\\\firebase-admin\\\\lib\\\\index.js\"}"}}
[debug] [2020-09-10T21:36:04.398Z] [runtime-status] [6940] Resolved module firebase-functions {"declared":true,"installed":true,"version":"3.11.0","resolution":"D:\\reactjs\\amazon\\amazon\\functions\\node_modules\\firebase-functions\\lib\\index.js"} {"metadata":{"emulator":{"name":"functions"},"function":{"name":"api"},"message":"[runtime-status] [6940] Resolved module firebase-functions {\"declared\":true,\"installed\":true,\"version\":\"3.11.0\",\"resolution\":\"D:\\\\reactjs\\\\amazon\\\\amazon\\\\functions\\\\node_modules\\\\firebase-functions\\\\lib\\\\index.js\"}"}}
[debug] [2020-09-10T21:36:04.401Z] [runtime-status] [6940] Resolved module firebase-functions {"declared":true,"installed":true,"version":"3.11.0","resolution":"D:\\reactjs\\amazon\\amazon\\functions\\node_modules\\firebase-functions\\lib\\index.js"} {"metadata":{"emulator":{"name":"functions"},"function":{"name":"api"},"message":"[runtime-status] [6940] Resolved module firebase-functions {\"declared\":true,\"installed\":true,\"version\":\"3.11.0\",\"resolution\":\"D:\\\\reactjs\\\\amazon\\\\amazon\\\\functions\\\\node_modules\\\\firebase-functions\\\\lib\\\\index.js\"}"}}
[debug] [2020-09-10T21:36:04.405Z] [runtime-status] [6940] Outgoing network have been stubbed. [{"name":"http","status":"mocked"},{"name":"http","status":"mocked"},{"name":"https","status":"mocked"},{"name":"https","status":"mocked"},{"name":"net","status":"mocked"}] {"metadata":{"emulator":{"name":"functions"},"function":{"name":"api"},"message":"[runtime-status] [6940] Outgoing network have been stubbed. [{\"name\":\"http\",\"status\":\"mocked\"},{\"name\":\"http\",\"status\":\"mocked\"},{\"name\":\"https\",\"status\":\"mocked\"},{\"name\":\"https\",\"status\":\"mocked\"},{\"name\":\"net\",\"status\":\"mocked\"}]"}}
[debug] [2020-09-10T21:36:04.407Z] [runtime-status] [6940] Resolved module firebase-functions {"declared":true,"installed":true,"version":"3.11.0","resolution":"D:\\reactjs\\amazon\\amazon\\functions\\node_modules\\firebase-functions\\lib\\index.js"} {"metadata":{"emulator":{"name":"functions"},"function":{"name":"api"},"message":"[runtime-status] [6940] Resolved module firebase-functions {\"declared\":true,\"installed\":true,\"version\":\"3.11.0\",\"resolution\":\"D:\\\\reactjs\\\\amazon\\\\amazon\\\\functions\\\\node_modules\\\\firebase-functions\\\\lib\\\\index.js\"}"}}
[debug] [2020-09-10T21:36:04.503Z] [runtime-status] [6940] Checked functions.config() {"config":{}} {"metadata":{"emulator":{"name":"functions"},"function":{"name":"api"},"message":"[runtime-status] [6940] Checked functions.config() {\"config\":{}}"}}
[debug] [2020-09-10T21:36:04.504Z] [runtime-status] [6940] firebase-functions has been stubbed. {"functionsResolution":{"declared":true,"installed":true,"version":"3.11.0","resolution":"D:\\reactjs\\amazon\\amazon\\functions\\node_modules\\firebase-functions\\lib\\index.js"}} {"metadata":{"emulator":{"name":"functions"},"function":{"name":"api"},"message":"[runtime-status] [6940] firebase-functions has been stubbed. {\"functionsResolution\":{\"declared\":true,\"installed\":true,\"version\":\"3.11.0\",\"resolution\":\"D:\\\\reactjs\\\\amazon\\\\amazon\\\\functions\\\\node_modules\\\\firebase-functions\\\\lib\\\\index.js\"}}"}}
[debug] [2020-09-10T21:36:04.505Z] [runtime-status] [6940] Resolved module firebase-functions {"declared":true,"installed":true,"version":"3.11.0","resolution":"D:\\reactjs\\amazon\\amazon\\functions\\node_modules\\firebase-functions\\lib\\index.js"} {"metadata":{"emulator":{"name":"functions"},"function":{"name":"api"},"message":"[runtime-status] [6940] Resolved module firebase-functions {\"declared\":true,\"installed\":true,\"version\":\"3.11.0\",\"resolution\":\"D:\\\\reactjs\\\\amazon\\\\amazon\\\\functions\\\\node_modules\\\\firebase-functions\\\\lib\\\\index.js\"}"}}
[debug] [2020-09-10T21:36:04.507Z] [runtime-status] [6940] Resolved module firebase-admin {"declared":true,"installed":true,"version":"8.13.0","resolution":"D:\\reactjs\\amazon\\amazon\\functions\\node_modules\\firebase-admin\\lib\\index.js"} {"metadata":{"emulator":{"name":"functions"},"function":{"name":"api"},"message":"[runtime-status] [6940] Resolved module firebase-admin {\"declared\":true,\"installed\":true,\"version\":\"8.13.0\",\"resolution\":\"D:\\\\reactjs\\\\amazon\\\\amazon\\\\functions\\\\node_modules\\\\firebase-admin\\\\lib\\\\index.js\"}"}}
[debug] [2020-09-10T21:36:04.508Z] [runtime-status] [6940] Resolved module firebase-functions {"declared":true,"installed":true,"version":"3.11.0","resolution":"D:\\reactjs\\amazon\\amazon\\functions\\node_modules\\firebase-functions\\lib\\index.js"} {"metadata":{"emulator":{"name":"functions"},"function":{"name":"api"},"message":"[runtime-status] [6940] Resolved module firebase-functions {\"declared\":true,\"installed\":true,\"version\":\"3.11.0\",\"resolution\":\"D:\\\\reactjs\\\\amazon\\\\amazon\\\\functions\\\\node_modules\\\\firebase-functions\\\\lib\\\\index.js\"}"}}
[debug] [2020-09-10T21:36:04.508Z] [runtime-status] [6940] firebase-admin has been stubbed. {"adminResolution":{"declared":true,"installed":true,"version":"8.13.0","resolution":"D:\\reactjs\\amazon\\amazon\\functions\\node_modules\\firebase-admin\\lib\\index.js"}} {"metadata":{"emulator":{"name":"functions"},"function":{"name":"api"},"message":"[runtime-status] [6940] firebase-admin has been stubbed. {\"adminResolution\":{\"declared\":true,\"installed\":true,\"version\":\"8.13.0\",\"resolution\":\"D:\\\\reactjs\\\\amazon\\\\amazon\\\\functions\\\\node_modules\\\\firebase-admin\\\\lib\\\\index.js\"}}"}}
[debug] [2020-09-10T21:36:04.821Z] [runtime-status] [6940] Trigger "api" has been found, beginning invocation! {"metadata":{"emulator":{"name":"functions"},"function":{"name":"api"},"message":"[runtime-status] [6940] Trigger \"api\" has been found, beginning invocation!"}}
[info] i  functions: Beginning execution of "api" {"metadata":{"emulator":{"name":"functions"},"function":{"name":"api"},"message":"Beginning execution of \"api\""}}
[debug] [2020-09-10T21:36:04.826Z] [runtime-status] [6940] triggerDefinition {"httpsTrigger":{},"name":"api","entryPoint":"api"} {"metadata":{"emulator":{"name":"functions"},"function":{"name":"api"},"message":"[runtime-status] [6940] triggerDefinition {\"httpsTrigger\":{},\"name\":\"api\",\"entryPoint\":\"api\"}"}}
[debug] [2020-09-10T21:36:04.827Z] [runtime-status] [6940] Running api in mode HTTPS {"metadata":{"emulator":{"name":"functions"},"function":{"name":"api"},"message":"[runtime-status] [6940] Running api in mode HTTPS"}}
[debug] [2020-09-10T21:36:04.839Z] [runtime-status] [6940] Attempting to listen to socketPath: \\?\pipe\D:\reactjs\amazon\amazon\functions\6940 {"metadata":{"emulator":{"name":"functions"},"function":{"name":"api"},"message":"[runtime-status] [6940] Attempting to listen to socketPath: \\\\?\\pipe\\D:\\reactjs\\amazon\\amazon\\functions\\6940"}}
[debug] [2020-09-10T21:36:04.848Z] [functions] Runtime ready! Sending request! {"metadata":{"emulator":{"name":"functions"},"message":"[functions] Runtime ready! Sending request!"}}
[debug] [2020-09-10T21:36:04.873Z] [runtime-status] [6940] Ephemeral server handling GET request {"metadata":{"emulator":{"name":"functions"},"function":{"name":"api"},"message":"[runtime-status] [6940] Ephemeral server handling GET request"}}
[debug] [2020-09-10T21:36:04.896Z] [runtime-status] [6940] Ephemeral server survived. {"metadata":{"emulator":{"name":"functions"},"function":{"name":"api"},"message":"[runtime-status] [6940] Ephemeral server survived."}}
[info] i  functions: Finished "api" in ~1s {"metadata":{"emulator":{"name":"functions"},"function":{"name":"api"},"message":"Finished \"api\" in ~1s"}}
[debug] [2020-09-10T21:36:04.908Z] [worker-api-00d66172-b6b9-42f0-87d9-224b7cc4d767]: IDLE {"metadata":{"emulator":{"name":"functions"},"message":"[worker-api-00d66172-b6b9-42f0-87d9-224b7cc4d767]: IDLE"}}
[debug] [2020-09-10T21:36:04.909Z] [work-queue] {"queueLength":0,"workRunningCount":0}
[debug] [2020-09-10T21:36:05.007Z] Functions emulator received unknown request at path /favicon.ico
[debug] [2020-09-10T21:36:24.708Z] [work-queue] {"queueLength":1,"workRunningCount":0}
[debug] [2020-09-10T21:36:24.709Z] [work-queue] {"queueLength":0,"workRunningCount":1}
[debug] [2020-09-10T21:36:24.709Z] Accepted request GET /clone-2496b/us-central1/api/payments/create --> api
[debug] [2020-09-10T21:36:24.709Z] [worker-pool] submitWork(triggerId=api) {"metadata":{"emulator":{"name":"functions"},"message":"[worker-pool] submitWork(triggerId=api)"}}
[debug] [2020-09-10T21:36:24.710Z] [worker-api-00d66172-b6b9-42f0-87d9-224b7cc4d767]: Assigning socketPath: \\?\pipe\D:\reactjs\amazon\amazon\functions\6940 {"metadata":{"emulator":{"name":"functions"},"message":"[worker-api-00d66172-b6b9-42f0-87d9-224b7cc4d767]: Assigning socketPath: \\\\?\\pipe\\D:\\reactjs\\amazon\\amazon\\functions\\6940"}}
[debug] [2020-09-10T21:36:24.710Z] [worker-api-00d66172-b6b9-42f0-87d9-224b7cc4d767]: BUSY {"metadata":{"emulator":{"name":"functions"},"message":"[worker-api-00d66172-b6b9-42f0-87d9-224b7cc4d767]: BUSY"}}
[debug] [2020-09-10T21:36:24.711Z] [runtime-status] [6940] Trigger "api" has been found, beginning invocation! {"metadata":{"emulator":{"name":"functions"},"function":{"name":"api"},"message":"[runtime-status] [6940] Trigger \"api\" has been found, beginning invocation!"}}
[info] i  functions: Beginning execution of "api" {"metadata":{"emulator":{"name":"functions"},"function":{"name":"api"},"message":"Beginning execution of \"api\""}}
[debug] [2020-09-10T21:36:24.715Z] [runtime-status] [6940] triggerDefinition {"httpsTrigger":{},"name":"api","entryPoint":"api"} {"metadata":{"emulator":{"name":"functions"},"function":{"name":"api"},"message":"[runtime-status] [6940] triggerDefinition {\"httpsTrigger\":{},\"name\":\"api\",\"entryPoint\":\"api\"}"}}
[debug] [2020-09-10T21:36:24.715Z] [runtime-status] [6940] Running api in mode HTTPS {"metadata":{"emulator":{"name":"functions"},"function":{"name":"api"},"message":"[runtime-status] [6940] Running api in mode HTTPS"}}
[debug] [2020-09-10T21:36:24.716Z] [runtime-status] [6940] Attempting to listen to socketPath: \\?\pipe\D:\reactjs\amazon\amazon\functions\6940 {"metadata":{"emulator":{"name":"functions"},"function":{"name":"api"},"message":"[runtime-status] [6940] Attempting to listen to socketPath: \\\\?\\pipe\\D:\\reactjs\\amazon\\amazon\\functions\\6940"}}
[debug] [2020-09-10T21:36:24.719Z] [functions] Runtime ready! Sending request! {"metadata":{"emulator":{"name":"functions"},"message":"[functions] Runtime ready! Sending request!"}}
[debug] [2020-09-10T21:36:24.726Z] [runtime-status] [6940] Ephemeral server handling GET request {"metadata":{"emulator":{"name":"functions"},"function":{"name":"api"},"message":"[runtime-status] [6940] Ephemeral server handling GET request"}}
[debug] [2020-09-10T21:36:24.736Z] [runtime-status] [6940] Ephemeral server survived. {"metadata":{"emulator":{"name":"functions"},"function":{"name":"api"},"message":"[runtime-status] [6940] Ephemeral server survived."}}
[info] i  functions: Finished "api" in ~1s {"metadata":{"emulator":{"name":"functions"},"function":{"name":"api"},"message":"Finished \"api\" in ~1s"}}
[debug] [2020-09-10T21:36:24.753Z] [worker-api-00d66172-b6b9-42f0-87d9-224b7cc4d767]: IDLE {"metadata":{"emulator":{"name":"functions"},"message":"[worker-api-00d66172-b6b9-42f0-87d9-224b7cc4d767]: IDLE"}}
[debug] [2020-09-10T21:36:24.754Z] [work-queue] {"queueLength":0,"workRunningCount":0}
[debug] [2020-09-10T21:36:52.235Z] [work-queue] {"queueLength":1,"workRunningCount":0}
[debug] [2020-09-10T21:36:52.236Z] [work-queue] {"queueLength":0,"workRunningCount":1}
[debug] [2020-09-10T21:36:52.236Z] Accepted request GET /clone-2496b/us-central1/api/payments/create?total=1700 --> api
[debug] [2020-09-10T21:36:52.237Z] [worker-pool] submitWork(triggerId=api) {"metadata":{"emulator":{"name":"functions"},"message":"[worker-pool] submitWork(triggerId=api)"}}
[debug] [2020-09-10T21:36:52.237Z] [worker-api-00d66172-b6b9-42f0-87d9-224b7cc4d767]: Assigning socketPath: \\?\pipe\D:\reactjs\amazon\amazon\functions\6940 {"metadata":{"emulator":{"name":"functions"},"message":"[worker-api-00d66172-b6b9-42f0-87d9-224b7cc4d767]: Assigning socketPath: \\\\?\\pipe\\D:\\reactjs\\amazon\\amazon\\functions\\6940"}}
[debug] [2020-09-10T21:36:52.237Z] [worker-api-00d66172-b6b9-42f0-87d9-224b7cc4d767]: BUSY {"metadata":{"emulator":{"name":"functions"},"message":"[worker-api-00d66172-b6b9-42f0-87d9-224b7cc4d767]: BUSY"}}
[debug] [2020-09-10T21:36:52.239Z] [runtime-status] [6940] Trigger "api" has been found, beginning invocation! {"metadata":{"emulator":{"name":"functions"},"function":{"name":"api"},"message":"[runtime-status] [6940] Trigger \"api\" has been found, beginning invocation!"}}
[info] i  functions: Beginning execution of "api" {"metadata":{"emulator":{"name":"functions"},"function":{"name":"api"},"message":"Beginning execution of \"api\""}}
[debug] [2020-09-10T21:36:52.244Z] [runtime-status] [6940] triggerDefinition {"httpsTrigger":{},"name":"api","entryPoint":"api"} {"metadata":{"emulator":{"name":"functions"},"function":{"name":"api"},"message":"[runtime-status] [6940] triggerDefinition {\"httpsTrigger\":{},\"name\":\"api\",\"entryPoint\":\"api\"}"}}
[debug] [2020-09-10T21:36:52.244Z] [runtime-status] [6940] Running api in mode HTTPS {"metadata":{"emulator":{"name":"functions"},"function":{"name":"api"},"message":"[runtime-status] [6940] Running api in mode HTTPS"}}
[debug] [2020-09-10T21:36:52.245Z] [runtime-status] [6940] Attempting to listen to socketPath: \\?\pipe\D:\reactjs\amazon\amazon\functions\6940 {"metadata":{"emulator":{"name":"functions"},"function":{"name":"api"},"message":"[runtime-status] [6940] Attempting to listen to socketPath: \\\\?\\pipe\\D:\\reactjs\\amazon\\amazon\\functions\\6940"}}
[debug] [2020-09-10T21:36:52.248Z] [functions] Runtime ready! Sending request! {"metadata":{"emulator":{"name":"functions"},"message":"[functions] Runtime ready! Sending request!"}}
[debug] [2020-09-10T21:36:52.259Z] [runtime-status] [6940] Ephemeral server handling GET request {"metadata":{"emulator":{"name":"functions"},"function":{"name":"api"},"message":"[runtime-status] [6940] Ephemeral server handling GET request"}}
[debug] [2020-09-10T21:36:52.263Z] [runtime-status] [6940] Ephemeral server survived. {"metadata":{"emulator":{"name":"functions"},"function":{"name":"api"},"message":"[runtime-status] [6940] Ephemeral server survived."}}
[info] i  functions: Finished "api" in ~1s {"metadata":{"emulator":{"name":"functions"},"function":{"name":"api"},"message":"Finished \"api\" in ~1s"}}
[debug] [2020-09-10T21:36:52.291Z] [worker-api-00d66172-b6b9-42f0-87d9-224b7cc4d767]: IDLE {"metadata":{"emulator":{"name":"functions"},"message":"[worker-api-00d66172-b6b9-42f0-87d9-224b7cc4d767]: IDLE"}}
[debug] [2020-09-10T21:36:52.293Z] [work-queue] {"queueLength":0,"workRunningCount":0}
[debug] [2020-09-10T21:36:59.571Z] [work-queue] {"queueLength":1,"workRunningCount":0}
[debug] [2020-09-10T21:36:59.571Z] [work-queue] {"queueLength":0,"workRunningCount":1}
[debug] [2020-09-10T21:36:59.571Z] Accepted request GET /clone-2496b/us-central1/api/ --> api
[debug] [2020-09-10T21:36:59.571Z] [worker-pool] submitWork(triggerId=api) {"metadata":{"emulator":{"name":"functions"},"message":"[worker-pool] submitWork(triggerId=api)"}}
[debug] [2020-09-10T21:36:59.571Z] [worker-api-00d66172-b6b9-42f0-87d9-224b7cc4d767]: Assigning socketPath: \\?\pipe\D:\reactjs\amazon\amazon\functions\6940 {"metadata":{"emulator":{"name":"functions"},"message":"[worker-api-00d66172-b6b9-42f0-87d9-224b7cc4d767]: Assigning socketPath: \\\\?\\pipe\\D:\\reactjs\\amazon\\amazon\\functions\\6940"}}
[debug] [2020-09-10T21:36:59.572Z] [worker-api-00d66172-b6b9-42f0-87d9-224b7cc4d767]: BUSY {"metadata":{"emulator":{"name":"functions"},"message":"[worker-api-00d66172-b6b9-42f0-87d9-224b7cc4d767]: BUSY"}}
[debug] [2020-09-10T21:36:59.572Z] [runtime-status] [6940] Trigger "api" has been found, beginning invocation! {"metadata":{"emulator":{"name":"functions"},"function":{"name":"api"},"message":"[runtime-status] [6940] Trigger \"api\" has been found, beginning invocation!"}}
[info] i  functions: Beginning execution of "api" {"metadata":{"emulator":{"name":"functions"},"function":{"name":"api"},"message":"Beginning execution of \"api\""}}
[debug] [2020-09-10T21:36:59.574Z] [runtime-status] [6940] triggerDefinition {"httpsTrigger":{},"name":"api","entryPoint":"api"} {"metadata":{"emulator":{"name":"functions"},"function":{"name":"api"},"message":"[runtime-status] [6940] triggerDefinition {\"httpsTrigger\":{},\"name\":\"api\",\"entryPoint\":\"api\"}"}}
[debug] [2020-09-10T21:36:59.574Z] [runtime-status] [6940] Running api in mode HTTPS {"metadata":{"emulator":{"name":"functions"},"function":{"name":"api"},"message":"[runtime-status] [6940] Running api in mode HTTPS"}}
[debug] [2020-09-10T21:36:59.575Z] [runtime-status] [6940] Attempting to listen to socketPath: \\?\pipe\D:\reactjs\amazon\amazon\functions\6940 {"metadata":{"emulator":{"name":"functions"},"function":{"name":"api"},"message":"[runtime-status] [6940] Attempting to listen to socketPath: \\\\?\\pipe\\D:\\reactjs\\amazon\\amazon\\functions\\6940"}}
[debug] [2020-09-10T21:36:59.576Z] [functions] Runtime ready! Sending request! {"metadata":{"emulator":{"name":"functions"},"message":"[functions] Runtime ready! Sending request!"}}
[debug] [2020-09-10T21:36:59.579Z] [runtime-status] [6940] Ephemeral server handling GET request {"metadata":{"emulator":{"name":"functions"},"function":{"name":"api"},"message":"[runtime-status] [6940] Ephemeral server handling GET request"}}
[debug] [2020-09-10T21:36:59.582Z] [runtime-status] [6940] Ephemeral server survived. {"metadata":{"emulator":{"name":"functions"},"function":{"name":"api"},"message":"[runtime-status] [6940] Ephemeral server survived."}}
[info] i  functions: Finished "api" in ~1s {"metadata":{"emulator":{"name":"functions"},"function":{"name":"api"},"message":"Finished \"api\" in ~1s"}}
[debug] [2020-09-10T21:36:59.595Z] [worker-api-00d66172-b6b9-42f0-87d9-224b7cc4d767]: IDLE {"metadata":{"emulator":{"name":"functions"},"message":"[worker-api-00d66172-b6b9-42f0-87d9-224b7cc4d767]: IDLE"}}
[debug] [2020-09-10T21:36:59.596Z] [work-queue] {"queueLength":0,"workRunningCount":0}
[debug] [2020-09-10T21:37:07.416Z] File D:\reactjs\amazon\amazon\functions\index.js changed, reloading triggers {"metadata":{"emulator":{"name":"functions"},"message":"File D:\\reactjs\\amazon\\amazon\\functions\\index.js changed, reloading triggers"}}
[debug] [2020-09-10T21:37:07.658Z] File D:\reactjs\amazon\amazon\functions\index.js changed, reloading triggers {"metadata":{"emulator":{"name":"functions"},"message":"File D:\\reactjs\\amazon\\amazon\\functions\\index.js changed, reloading triggers"}}
[debug] [2020-09-10T21:37:08.669Z] [worker-pool] Shutting down IDLE worker (~diagnostic~) {"metadata":{"emulator":{"name":"functions"},"message":"[worker-pool] Shutting down IDLE worker (~diagnostic~)"}}
[debug] [2020-09-10T21:37:08.670Z] [worker-~diagnostic~-9489d506-9747-4b09-9f86-c4a16e5f711c]: FINISHING {"metadata":{"emulator":{"name":"functions"},"message":"[worker-~diagnostic~-9489d506-9747-4b09-9f86-c4a16e5f711c]: FINISHING"}}
[debug] [2020-09-10T21:37:08.671Z] [worker-pool] Shutting down IDLE worker (api) {"metadata":{"emulator":{"name":"functions"},"message":"[worker-pool] Shutting down IDLE worker (api)"}}
[debug] [2020-09-10T21:37:08.671Z] [worker-api-00d66172-b6b9-42f0-87d9-224b7cc4d767]: FINISHING {"metadata":{"emulator":{"name":"functions"},"message":"[worker-api-00d66172-b6b9-42f0-87d9-224b7cc4d767]: FINISHING"}}
[debug] [2020-09-10T21:37:09.383Z] [worker-pool] addWorker(~diagnostic~) {"metadata":{"emulator":{"name":"functions"},"message":"[worker-pool] addWorker(~diagnostic~)"}}
[debug] [2020-09-10T21:37:09.383Z] [worker-pool] Adding worker with key ~diagnostic~, total=2 {"metadata":{"emulator":{"name":"functions"},"message":"[worker-pool] Adding worker with key ~diagnostic~, total=2"}}
[debug] [2020-09-10T21:37:09.383Z] [worker-pool] submitWork(triggerId=) {"metadata":{"emulator":{"name":"functions"},"message":"[worker-pool] submitWork(triggerId=)"}}
[debug] [2020-09-10T21:37:09.383Z] [worker-~diagnostic~-c181ee26-7fbb-4c52-b202-42bb212f2aee]: Assigning socketPath: \\?\pipe\D:\reactjs\amazon\amazon\functions\9496 {"metadata":{"emulator":{"name":"functions"},"message":"[worker-~diagnostic~-c181ee26-7fbb-4c52-b202-42bb212f2aee]: Assigning socketPath: \\\\?\\pipe\\D:\\reactjs\\amazon\\amazon\\functions\\9496"}}
[debug] [2020-09-10T21:37:09.384Z] [worker-~diagnostic~-c181ee26-7fbb-4c52-b202-42bb212f2aee]: BUSY {"metadata":{"emulator":{"name":"functions"},"message":"[worker-~diagnostic~-c181ee26-7fbb-4c52-b202-42bb212f2aee]: BUSY"}}
[debug] [2020-09-10T21:37:09.385Z] [worker-~diagnostic~-9489d506-9747-4b09-9f86-c4a16e5f711c]: exited {"metadata":{"emulator":{"name":"functions"},"message":"[worker-~diagnostic~-9489d506-9747-4b09-9f86-c4a16e5f711c]: exited"}}
[debug] [2020-09-10T21:37:09.386Z] [worker-~diagnostic~-9489d506-9747-4b09-9f86-c4a16e5f711c]: FINISHED {"metadata":{"emulator":{"name":"functions"},"message":"[worker-~diagnostic~-9489d506-9747-4b09-9f86-c4a16e5f711c]: FINISHED"}}
[debug] [2020-09-10T21:37:09.386Z] [worker-api-00d66172-b6b9-42f0-87d9-224b7cc4d767]: exited {"metadata":{"emulator":{"name":"functions"},"message":"[worker-api-00d66172-b6b9-42f0-87d9-224b7cc4d767]: exited"}}
[debug] [2020-09-10T21:37:09.386Z] [worker-api-00d66172-b6b9-42f0-87d9-224b7cc4d767]: FINISHED {"metadata":{"emulator":{"name":"functions"},"message":"[worker-api-00d66172-b6b9-42f0-87d9-224b7cc4d767]: FINISHED"}}
[debug] [2020-09-10T21:37:09.983Z] [runtime-status] [9496] Functions runtime initialized. {"cwd":"D:\\reactjs\\amazon\\amazon\\functions","node_version":"12.16.3"} {"metadata":{"emulator":{"name":"functions"},"message":"[runtime-status] [9496] Functions runtime initialized. {\"cwd\":\"D:\\\\reactjs\\\\amazon\\\\amazon\\\\functions\",\"node_version\":\"12.16.3\"}"}}
[debug] [2020-09-10T21:37:09.986Z] [runtime-status] [9496] Disabled runtime features: undefined {"metadata":{"emulator":{"name":"functions"},"message":"[runtime-status] [9496] Disabled runtime features: undefined"}}
[debug] [2020-09-10T21:37:09.994Z] [runtime-status] [9496] Resolved module firebase-admin {"declared":true,"installed":true,"version":"8.13.0","resolution":"D:\\reactjs\\amazon\\amazon\\functions\\node_modules\\firebase-admin\\lib\\index.js"} {"metadata":{"emulator":{"name":"functions"},"message":"[runtime-status] [9496] Resolved module firebase-admin {\"declared\":true,\"installed\":true,\"version\":\"8.13.0\",\"resolution\":\"D:\\\\reactjs\\\\amazon\\\\amazon\\\\functions\\\\node_modules\\\\firebase-admin\\\\lib\\\\index.js\"}"}}
[debug] [2020-09-10T21:37:09.995Z] [runtime-status] [9496] Resolved module firebase-functions {"declared":true,"installed":true,"version":"3.11.0","resolution":"D:\\reactjs\\amazon\\amazon\\functions\\node_modules\\firebase-functions\\lib\\index.js"} {"metadata":{"emulator":{"name":"functions"},"message":"[runtime-status] [9496] Resolved module firebase-functions {\"declared\":true,\"installed\":true,\"version\":\"3.11.0\",\"resolution\":\"D:\\\\reactjs\\\\amazon\\\\amazon\\\\functions\\\\node_modules\\\\firebase-functions\\\\lib\\\\index.js\"}"}}
[debug] [2020-09-10T21:37:09.997Z] [runtime-status] [9496] Resolved module firebase-functions {"declared":true,"installed":true,"version":"3.11.0","resolution":"D:\\reactjs\\amazon\\amazon\\functions\\node_modules\\firebase-functions\\lib\\index.js"} {"metadata":{"emulator":{"name":"functions"},"message":"[runtime-status] [9496] Resolved module firebase-functions {\"declared\":true,\"installed\":true,\"version\":\"3.11.0\",\"resolution\":\"D:\\\\reactjs\\\\amazon\\\\amazon\\\\functions\\\\node_modules\\\\firebase-functions\\\\lib\\\\index.js\"}"}}
[debug] [2020-09-10T21:37:10.000Z] [runtime-status] [9496] Outgoing network have been stubbed. [{"name":"http","status":"mocked"},{"name":"http","status":"mocked"},{"name":"https","status":"mocked"},{"name":"https","status":"mocked"},{"name":"net","status":"mocked"}] {"metadata":{"emulator":{"name":"functions"},"message":"[runtime-status] [9496] Outgoing network have been stubbed. [{\"name\":\"http\",\"status\":\"mocked\"},{\"name\":\"http\",\"status\":\"mocked\"},{\"name\":\"https\",\"status\":\"mocked\"},{\"name\":\"https\",\"status\":\"mocked\"},{\"name\":\"net\",\"status\":\"mocked\"}]"}}
[debug] [2020-09-10T21:37:10.000Z] [runtime-status] [9496] Resolved module firebase-functions {"declared":true,"installed":true,"version":"3.11.0","resolution":"D:\\reactjs\\amazon\\amazon\\functions\\node_modules\\firebase-functions\\lib\\index.js"} {"metadata":{"emulator":{"name":"functions"},"message":"[runtime-status] [9496] Resolved module firebase-functions {\"declared\":true,\"installed\":true,\"version\":\"3.11.0\",\"resolution\":\"D:\\\\reactjs\\\\amazon\\\\amazon\\\\functions\\\\node_modules\\\\firebase-functions\\\\lib\\\\index.js\"}"}}
[debug] [2020-09-10T21:37:10.057Z] [runtime-status] [9496] Checked functions.config() {"config":{}} {"metadata":{"emulator":{"name":"functions"},"message":"[runtime-status] [9496] Checked functions.config() {\"config\":{}}"}}
[debug] [2020-09-10T21:37:10.057Z] [runtime-status] [9496] firebase-functions has been stubbed. {"functionsResolution":{"declared":true,"installed":true,"version":"3.11.0","resolution":"D:\\reactjs\\amazon\\amazon\\functions\\node_modules\\firebase-functions\\lib\\index.js"}} {"metadata":{"emulator":{"name":"functions"},"message":"[runtime-status] [9496] firebase-functions has been stubbed. {\"functionsResolution\":{\"declared\":true,\"installed\":true,\"version\":\"3.11.0\",\"resolution\":\"D:\\\\reactjs\\\\amazon\\\\amazon\\\\functions\\\\node_modules\\\\firebase-functions\\\\lib\\\\index.js\"}}"}}
[debug] [2020-09-10T21:37:10.058Z] [runtime-status] [9496] Resolved module firebase-functions {"declared":true,"installed":true,"version":"3.11.0","resolution":"D:\\reactjs\\amazon\\amazon\\functions\\node_modules\\firebase-functions\\lib\\index.js"} {"metadata":{"emulator":{"name":"functions"},"message":"[runtime-status] [9496] Resolved module firebase-functions {\"declared\":true,\"installed\":true,\"version\":\"3.11.0\",\"resolution\":\"D:\\\\reactjs\\\\amazon\\\\amazon\\\\functions\\\\node_modules\\\\firebase-functions\\\\lib\\\\index.js\"}"}}
[debug] [2020-09-10T21:37:10.060Z] [runtime-status] [9496] Resolved module firebase-admin {"declared":true,"installed":true,"version":"8.13.0","resolution":"D:\\reactjs\\amazon\\amazon\\functions\\node_modules\\firebase-admin\\lib\\index.js"} {"metadata":{"emulator":{"name":"functions"},"message":"[runtime-status] [9496] Resolved module firebase-admin {\"declared\":true,\"installed\":true,\"version\":\"8.13.0\",\"resolution\":\"D:\\\\reactjs\\\\amazon\\\\amazon\\\\functions\\\\node_modules\\\\firebase-admin\\\\lib\\\\index.js\"}"}}
[debug] [2020-09-10T21:37:10.061Z] [runtime-status] [9496] Resolved module firebase-functions {"declared":true,"installed":true,"version":"3.11.0","resolution":"D:\\reactjs\\amazon\\amazon\\functions\\node_modules\\firebase-functions\\lib\\index.js"} {"metadata":{"emulator":{"name":"functions"},"message":"[runtime-status] [9496] Resolved module firebase-functions {\"declared\":true,\"installed\":true,\"version\":\"3.11.0\",\"resolution\":\"D:\\\\reactjs\\\\amazon\\\\amazon\\\\functions\\\\node_modules\\\\firebase-functions\\\\lib\\\\index.js\"}"}}
[debug] [2020-09-10T21:37:10.062Z] [runtime-status] [9496] firebase-admin has been stubbed. {"adminResolution":{"declared":true,"installed":true,"version":"8.13.0","resolution":"D:\\reactjs\\amazon\\amazon\\functions\\node_modules\\firebase-admin\\lib\\index.js"}} {"metadata":{"emulator":{"name":"functions"},"message":"[runtime-status] [9496] firebase-admin has been stubbed. {\"adminResolution\":{\"declared\":true,\"installed\":true,\"version\":\"8.13.0\",\"resolution\":\"D:\\\\reactjs\\\\amazon\\\\amazon\\\\functions\\\\node_modules\\\\firebase-admin\\\\lib\\\\index.js\"}}"}}
[debug] [2020-09-10T21:37:10.270Z] [worker-~diagnostic~-c181ee26-7fbb-4c52-b202-42bb212f2aee]: IDLE {"metadata":{"emulator":{"name":"functions"},"message":"[worker-~diagnostic~-c181ee26-7fbb-4c52-b202-42bb212f2aee]: IDLE"}}
[debug] [2020-09-10T21:38:31.488Z] File D:\reactjs\amazon\amazon\functions\index.js changed, reloading triggers {"metadata":{"emulator":{"name":"functions"},"message":"File D:\\reactjs\\amazon\\amazon\\functions\\index.js changed, reloading triggers"}}
[debug] [2020-09-10T21:38:32.492Z] [worker-pool] Shutting down IDLE worker (~diagnostic~) {"metadata":{"emulator":{"name":"functions"},"message":"[worker-pool] Shutting down IDLE worker (~diagnostic~)"}}
[debug] [2020-09-10T21:38:32.492Z] [worker-~diagnostic~-c181ee26-7fbb-4c52-b202-42bb212f2aee]: FINISHING {"metadata":{"emulator":{"name":"functions"},"message":"[worker-~diagnostic~-c181ee26-7fbb-4c52-b202-42bb212f2aee]: FINISHING"}}
[debug] [2020-09-10T21:38:32.493Z] [worker-pool] Cleaned up workers for ~diagnostic~: 2 --> 1 {"metadata":{"emulator":{"name":"functions"},"message":"[worker-pool] Cleaned up workers for ~diagnostic~: 2 --> 1"}}
[debug] [2020-09-10T21:38:32.493Z] [worker-pool] Cleaned up workers for api: 1 --> 0 {"metadata":{"emulator":{"name":"functions"},"message":"[worker-pool] Cleaned up workers for api: 1 --> 0"}}
[debug] [2020-09-10T21:38:33.165Z] [worker-pool] addWorker(~diagnostic~) {"metadata":{"emulator":{"name":"functions"},"message":"[worker-pool] addWorker(~diagnostic~)"}}
[debug] [2020-09-10T21:38:33.166Z] [worker-pool] Adding worker with key ~diagnostic~, total=2 {"metadata":{"emulator":{"name":"functions"},"message":"[worker-pool] Adding worker with key ~diagnostic~, total=2"}}
[debug] [2020-09-10T21:38:33.166Z] [worker-pool] submitWork(triggerId=) {"metadata":{"emulator":{"name":"functions"},"message":"[worker-pool] submitWork(triggerId=)"}}
[debug] [2020-09-10T21:38:33.166Z] [worker-~diagnostic~-03533d30-d627-47e3-afed-5ce696cfdb32]: Assigning socketPath: \\?\pipe\D:\reactjs\amazon\amazon\functions\2736 {"metadata":{"emulator":{"name":"functions"},"message":"[worker-~diagnostic~-03533d30-d627-47e3-afed-5ce696cfdb32]: Assigning socketPath: \\\\?\\pipe\\D:\\reactjs\\amazon\\amazon\\functions\\2736"}}
[debug] [2020-09-10T21:38:33.166Z] [worker-~diagnostic~-03533d30-d627-47e3-afed-5ce696cfdb32]: BUSY {"metadata":{"emulator":{"name":"functions"},"message":"[worker-~diagnostic~-03533d30-d627-47e3-afed-5ce696cfdb32]: BUSY"}}
[debug] [2020-09-10T21:38:33.167Z] [worker-~diagnostic~-c181ee26-7fbb-4c52-b202-42bb212f2aee]: exited {"metadata":{"emulator":{"name":"functions"},"message":"[worker-~diagnostic~-c181ee26-7fbb-4c52-b202-42bb212f2aee]: exited"}}
[debug] [2020-09-10T21:38:33.167Z] [worker-~diagnostic~-c181ee26-7fbb-4c52-b202-42bb212f2aee]: FINISHED {"metadata":{"emulator":{"name":"functions"},"message":"[worker-~diagnostic~-c181ee26-7fbb-4c52-b202-42bb212f2aee]: FINISHED"}}
[debug] [2020-09-10T21:38:33.848Z] [runtime-status] [2736] Functions runtime initialized. {"cwd":"D:\\reactjs\\amazon\\amazon\\functions","node_version":"12.16.3"} {"metadata":{"emulator":{"name":"functions"},"message":"[runtime-status] [2736] Functions runtime initialized. {\"cwd\":\"D:\\\\reactjs\\\\amazon\\\\amazon\\\\functions\",\"node_version\":\"12.16.3\"}"}}
[debug] [2020-09-10T21:38:33.852Z] [runtime-status] [2736] Disabled runtime features: undefined {"metadata":{"emulator":{"name":"functions"},"message":"[runtime-status] [2736] Disabled runtime features: undefined"}}
[debug] [2020-09-10T21:38:33.858Z] [runtime-status] [2736] Resolved module firebase-admin {"declared":true,"installed":true,"version":"8.13.0","resolution":"D:\\reactjs\\amazon\\amazon\\functions\\node_modules\\firebase-admin\\lib\\index.js"} {"metadata":{"emulator":{"name":"functions"},"message":"[runtime-status] [2736] Resolved module firebase-admin {\"declared\":true,\"installed\":true,\"version\":\"8.13.0\",\"resolution\":\"D:\\\\reactjs\\\\amazon\\\\amazon\\\\functions\\\\node_modules\\\\firebase-admin\\\\lib\\\\index.js\"}"}}
[debug] [2020-09-10T21:38:33.860Z] [runtime-status] [2736] Resolved module firebase-functions {"declared":true,"installed":true,"version":"3.11.0","resolution":"D:\\reactjs\\amazon\\amazon\\functions\\node_modules\\firebase-functions\\lib\\index.js"} {"metadata":{"emulator":{"name":"functions"},"message":"[runtime-status] [2736] Resolved module firebase-functions {\"declared\":true,\"installed\":true,\"version\":\"3.11.0\",\"resolution\":\"D:\\\\reactjs\\\\amazon\\\\amazon\\\\functions\\\\node_modules\\\\firebase-functions\\\\lib\\\\index.js\"}"}}
[debug] [2020-09-10T21:38:33.862Z] [runtime-status] [2736] Resolved module firebase-functions {"declared":true,"installed":true,"version":"3.11.0","resolution":"D:\\reactjs\\amazon\\amazon\\functions\\node_modules\\firebase-functions\\lib\\index.js"} {"metadata":{"emulator":{"name":"functions"},"message":"[runtime-status] [2736] Resolved module firebase-functions {\"declared\":true,\"installed\":true,\"version\":\"3.11.0\",\"resolution\":\"D:\\\\reactjs\\\\amazon\\\\amazon\\\\functions\\\\node_modules\\\\firebase-functions\\\\lib\\\\index.js\"}"}}
[debug] [2020-09-10T21:38:33.864Z] [runtime-status] [2736] Outgoing network have been stubbed. [{"name":"http","status":"mocked"},{"name":"http","status":"mocked"},{"name":"https","status":"mocked"},{"name":"https","status":"mocked"},{"name":"net","status":"mocked"}] {"metadata":{"emulator":{"name":"functions"},"message":"[runtime-status] [2736] Outgoing network have been stubbed. [{\"name\":\"http\",\"status\":\"mocked\"},{\"name\":\"http\",\"status\":\"mocked\"},{\"name\":\"https\",\"status\":\"mocked\"},{\"name\":\"https\",\"status\":\"mocked\"},{\"name\":\"net\",\"status\":\"mocked\"}]"}}
[debug] [2020-09-10T21:38:33.865Z] [runtime-status] [2736] Resolved module firebase-functions {"declared":true,"installed":true,"version":"3.11.0","resolution":"D:\\reactjs\\amazon\\amazon\\functions\\node_modules\\firebase-functions\\lib\\index.js"} {"metadata":{"emulator":{"name":"functions"},"message":"[runtime-status] [2736] Resolved module firebase-functions {\"declared\":true,\"installed\":true,\"version\":\"3.11.0\",\"resolution\":\"D:\\\\reactjs\\\\amazon\\\\amazon\\\\functions\\\\node_modules\\\\firebase-functions\\\\lib\\\\index.js\"}"}}
[debug] [2020-09-10T21:38:33.928Z] [runtime-status] [2736] Checked functions.config() {"config":{}} {"metadata":{"emulator":{"name":"functions"},"message":"[runtime-status] [2736] Checked functions.config() {\"config\":{}}"}}
[debug] [2020-09-10T21:38:33.928Z] [runtime-status] [2736] firebase-functions has been stubbed. {"functionsResolution":{"declared":true,"installed":true,"version":"3.11.0","resolution":"D:\\reactjs\\amazon\\amazon\\functions\\node_modules\\firebase-functions\\lib\\index.js"}} {"metadata":{"emulator":{"name":"functions"},"message":"[runtime-status] [2736] firebase-functions has been stubbed. {\"functionsResolution\":{\"declared\":true,\"installed\":true,\"version\":\"3.11.0\",\"resolution\":\"D:\\\\reactjs\\\\amazon\\\\amazon\\\\functions\\\\node_modules\\\\firebase-functions\\\\lib\\\\index.js\"}}"}}
[debug] [2020-09-10T21:38:33.929Z] [runtime-status] [2736] Resolved module firebase-functions {"declared":true,"installed":true,"version":"3.11.0","resolution":"D:\\reactjs\\amazon\\amazon\\functions\\node_modules\\firebase-functions\\lib\\index.js"} {"metadata":{"emulator":{"name":"functions"},"message":"[runtime-status] [2736] Resolved module firebase-functions {\"declared\":true,\"installed\":true,\"version\":\"3.11.0\",\"resolution\":\"D:\\\\reactjs\\\\amazon\\\\amazon\\\\functions\\\\node_modules\\\\firebase-functions\\\\lib\\\\index.js\"}"}}
[debug] [2020-09-10T21:38:33.931Z] [runtime-status] [2736] Resolved module firebase-admin {"declared":true,"installed":true,"version":"8.13.0","resolution":"D:\\reactjs\\amazon\\amazon\\functions\\node_modules\\firebase-admin\\lib\\index.js"} {"metadata":{"emulator":{"name":"functions"},"message":"[runtime-status] [2736] Resolved module firebase-admin {\"declared\":true,\"installed\":true,\"version\":\"8.13.0\",\"resolution\":\"D:\\\\reactjs\\\\amazon\\\\amazon\\\\functions\\\\node_modules\\\\firebase-admin\\\\lib\\\\index.js\"}"}}
[debug] [2020-09-10T21:38:33.932Z] [runtime-status] [2736] Resolved module firebase-functions {"declared":true,"installed":true,"version":"3.11.0","resolution":"D:\\reactjs\\amazon\\amazon\\functions\\node_modules\\firebase-functions\\lib\\index.js"} {"metadata":{"emulator":{"name":"functions"},"message":"[runtime-status] [2736] Resolved module firebase-functions {\"declared\":true,\"installed\":true,\"version\":\"3.11.0\",\"resolution\":\"D:\\\\reactjs\\\\amazon\\\\amazon\\\\functions\\\\node_modules\\\\firebase-functions\\\\lib\\\\index.js\"}"}}
[debug] [2020-09-10T21:38:33.932Z] [runtime-status] [2736] firebase-admin has been stubbed. {"adminResolution":{"declared":true,"installed":true,"version":"8.13.0","resolution":"D:\\reactjs\\amazon\\amazon\\functions\\node_modules\\firebase-admin\\lib\\index.js"}} {"metadata":{"emulator":{"name":"functions"},"message":"[runtime-status] [2736] firebase-admin has been stubbed. {\"adminResolution\":{\"declared\":true,\"installed\":true,\"version\":\"8.13.0\",\"resolution\":\"D:\\\\reactjs\\\\amazon\\\\amazon\\\\functions\\\\node_modules\\\\firebase-admin\\\\lib\\\\index.js\"}}"}}
[debug] [2020-09-10T21:38:34.163Z] [worker-~diagnostic~-03533d30-d627-47e3-afed-5ce696cfdb32]: IDLE {"metadata":{"emulator":{"name":"functions"},"message":"[worker-~diagnostic~-03533d30-d627-47e3-afed-5ce696cfdb32]: IDLE"}}
[debug] [2020-09-10T21:46:52.315Z] File D:\reactjs\amazon\amazon\functions\index.js changed, reloading triggers {"metadata":{"emulator":{"name":"functions"},"message":"File D:\\reactjs\\amazon\\amazon\\functions\\index.js changed, reloading triggers"}}
[debug] [2020-09-10T21:46:53.316Z] [worker-pool] Shutting down IDLE worker (~diagnostic~) {"metadata":{"emulator":{"name":"functions"},"message":"[worker-pool] Shutting down IDLE worker (~diagnostic~)"}}
[debug] [2020-09-10T21:46:53.316Z] [worker-~diagnostic~-03533d30-d627-47e3-afed-5ce696cfdb32]: FINISHING {"metadata":{"emulator":{"name":"functions"},"message":"[worker-~diagnostic~-03533d30-d627-47e3-afed-5ce696cfdb32]: FINISHING"}}
[debug] [2020-09-10T21:46:53.316Z] [worker-pool] Cleaned up workers for ~diagnostic~: 2 --> 1 {"metadata":{"emulator":{"name":"functions"},"message":"[worker-pool] Cleaned up workers for ~diagnostic~: 2 --> 1"}}
[debug] [2020-09-10T21:46:53.725Z] [worker-pool] addWorker(~diagnostic~) {"metadata":{"emulator":{"name":"functions"},"message":"[worker-pool] addWorker(~diagnostic~)"}}
[debug] [2020-09-10T21:46:53.725Z] [worker-pool] Adding worker with key ~diagnostic~, total=2 {"metadata":{"emulator":{"name":"functions"},"message":"[worker-pool] Adding worker with key ~diagnostic~, total=2"}}
[debug] [2020-09-10T21:46:53.725Z] [worker-pool] submitWork(triggerId=) {"metadata":{"emulator":{"name":"functions"},"message":"[worker-pool] submitWork(triggerId=)"}}
[debug] [2020-09-10T21:46:53.725Z] [worker-~diagnostic~-3d4f6967-6673-4baa-a352-c386f783677a]: Assigning socketPath: \\?\pipe\D:\reactjs\amazon\amazon\functions\2684 {"metadata":{"emulator":{"name":"functions"},"message":"[worker-~diagnostic~-3d4f6967-6673-4baa-a352-c386f783677a]: Assigning socketPath: \\\\?\\pipe\\D:\\reactjs\\amazon\\amazon\\functions\\2684"}}
[debug] [2020-09-10T21:46:53.725Z] [worker-~diagnostic~-3d4f6967-6673-4baa-a352-c386f783677a]: BUSY {"metadata":{"emulator":{"name":"functions"},"message":"[worker-~diagnostic~-3d4f6967-6673-4baa-a352-c386f783677a]: BUSY"}}
[debug] [2020-09-10T21:46:53.726Z] [worker-~diagnostic~-03533d30-d627-47e3-afed-5ce696cfdb32]: exited {"metadata":{"emulator":{"name":"functions"},"message":"[worker-~diagnostic~-03533d30-d627-47e3-afed-5ce696cfdb32]: exited"}}
[debug] [2020-09-10T21:46:53.726Z] [worker-~diagnostic~-03533d30-d627-47e3-afed-5ce696cfdb32]: FINISHED {"metadata":{"emulator":{"name":"functions"},"message":"[worker-~diagnostic~-03533d30-d627-47e3-afed-5ce696cfdb32]: FINISHED"}}
[debug] [2020-09-10T21:46:54.437Z] [runtime-status] [2684] Functions runtime initialized. {"cwd":"D:\\reactjs\\amazon\\amazon\\functions","node_version":"12.16.3"} {"metadata":{"emulator":{"name":"functions"},"message":"[runtime-status] [2684] Functions runtime initialized. {\"cwd\":\"D:\\\\reactjs\\\\amazon\\\\amazon\\\\functions\",\"node_version\":\"12.16.3\"}"}}
[debug] [2020-09-10T21:46:54.439Z] [runtime-status] [2684] Disabled runtime features: undefined {"metadata":{"emulator":{"name":"functions"},"message":"[runtime-status] [2684] Disabled runtime features: undefined"}}
[debug] [2020-09-10T21:46:54.442Z] [runtime-status] [2684] Resolved module firebase-admin {"declared":true,"installed":true,"version":"8.13.0","resolution":"D:\\reactjs\\amazon\\amazon\\functions\\node_modules\\firebase-admin\\lib\\index.js"} {"metadata":{"emulator":{"name":"functions"},"message":"[runtime-status] [2684] Resolved module firebase-admin {\"declared\":true,\"installed\":true,\"version\":\"8.13.0\",\"resolution\":\"D:\\\\reactjs\\\\amazon\\\\amazon\\\\functions\\\\node_modules\\\\firebase-admin\\\\lib\\\\index.js\"}"}}
[debug] [2020-09-10T21:46:54.446Z] [runtime-status] [2684] Resolved module firebase-functions {"declared":true,"installed":true,"version":"3.11.0","resolution":"D:\\reactjs\\amazon\\amazon\\functions\\node_modules\\firebase-functions\\lib\\index.js"} {"metadata":{"emulator":{"name":"functions"},"message":"[runtime-status] [2684] Resolved module firebase-functions {\"declared\":true,\"installed\":true,\"version\":\"3.11.0\",\"resolution\":\"D:\\\\reactjs\\\\amazon\\\\amazon\\\\functions\\\\node_modules\\\\firebase-functions\\\\lib\\\\index.js\"}"}}
[debug] [2020-09-10T21:46:54.447Z] [runtime-status] [2684] Resolved module firebase-functions {"declared":true,"installed":true,"version":"3.11.0","resolution":"D:\\reactjs\\amazon\\amazon\\functions\\node_modules\\firebase-functions\\lib\\index.js"} {"metadata":{"emulator":{"name":"functions"},"message":"[runtime-status] [2684] Resolved module firebase-functions {\"declared\":true,\"installed\":true,\"version\":\"3.11.0\",\"resolution\":\"D:\\\\reactjs\\\\amazon\\\\amazon\\\\functions\\\\node_modules\\\\firebase-functions\\\\lib\\\\index.js\"}"}}
[debug] [2020-09-10T21:46:54.449Z] [runtime-status] [2684] Outgoing network have been stubbed. [{"name":"http","status":"mocked"},{"name":"http","status":"mocked"},{"name":"https","status":"mocked"},{"name":"https","status":"mocked"},{"name":"net","status":"mocked"}] {"metadata":{"emulator":{"name":"functions"},"message":"[runtime-status] [2684] Outgoing network have been stubbed. [{\"name\":\"http\",\"status\":\"mocked\"},{\"name\":\"http\",\"status\":\"mocked\"},{\"name\":\"https\",\"status\":\"mocked\"},{\"name\":\"https\",\"status\":\"mocked\"},{\"name\":\"net\",\"status\":\"mocked\"}]"}}
[debug] [2020-09-10T21:46:54.449Z] [runtime-status] [2684] Resolved module firebase-functions {"declared":true,"installed":true,"version":"3.11.0","resolution":"D:\\reactjs\\amazon\\amazon\\functions\\node_modules\\firebase-functions\\lib\\index.js"} {"metadata":{"emulator":{"name":"functions"},"message":"[runtime-status] [2684] Resolved module firebase-functions {\"declared\":true,\"installed\":true,\"version\":\"3.11.0\",\"resolution\":\"D:\\\\reactjs\\\\amazon\\\\amazon\\\\functions\\\\node_modules\\\\firebase-functions\\\\lib\\\\index.js\"}"}}
[debug] [2020-09-10T21:46:54.490Z] [runtime-status] [2684] Checked functions.config() {"config":{}} {"metadata":{"emulator":{"name":"functions"},"message":"[runtime-status] [2684] Checked functions.config() {\"config\":{}}"}}
[debug] [2020-09-10T21:46:54.491Z] [runtime-status] [2684] firebase-functions has been stubbed. {"functionsResolution":{"declared":true,"installed":true,"version":"3.11.0","resolution":"D:\\reactjs\\amazon\\amazon\\functions\\node_modules\\firebase-functions\\lib\\index.js"}} {"metadata":{"emulator":{"name":"functions"},"message":"[runtime-status] [2684] firebase-functions has been stubbed. {\"functionsResolution\":{\"declared\":true,\"installed\":true,\"version\":\"3.11.0\",\"resolution\":\"D:\\\\reactjs\\\\amazon\\\\amazon\\\\functions\\\\node_modules\\\\firebase-functions\\\\lib\\\\index.js\"}}"}}
[debug] [2020-09-10T21:46:54.492Z] [runtime-status] [2684] Resolved module firebase-functions {"declared":true,"installed":true,"version":"3.11.0","resolution":"D:\\reactjs\\amazon\\amazon\\functions\\node_modules\\firebase-functions\\lib\\index.js"} {"metadata":{"emulator":{"name":"functions"},"message":"[runtime-status] [2684] Resolved module firebase-functions {\"declared\":true,\"installed\":true,\"version\":\"3.11.0\",\"resolution\":\"D:\\\\reactjs\\\\amazon\\\\amazon\\\\functions\\\\node_modules\\\\firebase-functions\\\\lib\\\\index.js\"}"}}
[debug] [2020-09-10T21:46:54.493Z] [runtime-status] [2684] Resolved module firebase-admin {"declared":true,"installed":true,"version":"8.13.0","resolution":"D:\\reactjs\\amazon\\amazon\\functions\\node_modules\\firebase-admin\\lib\\index.js"} {"metadata":{"emulator":{"name":"functions"},"message":"[runtime-status] [2684] Resolved module firebase-admin {\"declared\":true,\"installed\":true,\"version\":\"8.13.0\",\"resolution\":\"D:\\\\reactjs\\\\amazon\\\\amazon\\\\functions\\\\node_modules\\\\firebase-admin\\\\lib\\\\index.js\"}"}}
[debug] [2020-09-10T21:46:54.495Z] [runtime-status] [2684] Resolved module firebase-functions {"declared":true,"installed":true,"version":"3.11.0","resolution":"D:\\reactjs\\amazon\\amazon\\functions\\node_modules\\firebase-functions\\lib\\index.js"} {"metadata":{"emulator":{"name":"functions"},"message":"[runtime-status] [2684] Resolved module firebase-functions {\"declared\":true,\"installed\":true,\"version\":\"3.11.0\",\"resolution\":\"D:\\\\reactjs\\\\amazon\\\\amazon\\\\functions\\\\node_modules\\\\firebase-functions\\\\lib\\\\index.js\"}"}}
[debug] [2020-09-10T21:46:54.495Z] [runtime-status] [2684] firebase-admin has been stubbed. {"adminResolution":{"declared":true,"installed":true,"version":"8.13.0","resolution":"D:\\reactjs\\amazon\\amazon\\functions\\node_modules\\firebase-admin\\lib\\index.js"}} {"metadata":{"emulator":{"name":"functions"},"message":"[runtime-status] [2684] firebase-admin has been stubbed. {\"adminResolution\":{\"declared\":true,\"installed\":true,\"version\":\"8.13.0\",\"resolution\":\"D:\\\\reactjs\\\\amazon\\\\amazon\\\\functions\\\\node_modules\\\\firebase-admin\\\\lib\\\\index.js\"}}"}}
[debug] [2020-09-10T21:46:54.712Z] [worker-~diagnostic~-3d4f6967-6673-4baa-a352-c386f783677a]: IDLE {"metadata":{"emulator":{"name":"functions"},"message":"[worker-~diagnostic~-3d4f6967-6673-4baa-a352-c386f783677a]: IDLE"}}
[debug] [2020-09-10T21:47:00.183Z] [worker-~diagnostic~-3d4f6967-6673-4baa-a352-c386f783677a]: exited {"metadata":{"emulator":{"name":"functions"},"message":"[worker-~diagnostic~-3d4f6967-6673-4baa-a352-c386f783677a]: exited"}}
