[debug] [2020-09-14T05:10:46.765Z] ----------------------------------------------------------------------
[debug] [2020-09-14T05:10:46.768Z] Command:       C:\Program Files\nodejs\node.exe C:\Users\Shyamal\AppData\Roaming\npm\node_modules\firebase-tools\lib\bin\firebase.js emulators:start
[debug] [2020-09-14T05:10:46.768Z] CLI Version:   8.10.0
[debug] [2020-09-14T05:10:46.768Z] Platform:      win32
[debug] [2020-09-14T05:10:46.768Z] Node Version:  v12.16.3
[debug] [2020-09-14T05:10:46.770Z] Time:          Mon Sep 14 2020 10:40:46 GMT+0530 (India Standard Time)
[debug] [2020-09-14T05:10:46.771Z] ----------------------------------------------------------------------
[debug] [2020-09-14T05:10:46.771Z] 
[debug] [2020-09-14T05:10:46.874Z] > command requires scopes: ["email","openid","https://www.googleapis.com/auth/cloudplatformprojects.readonly","https://www.googleapis.com/auth/firebase","https://www.googleapis.com/auth/cloud-platform"]
[debug] [2020-09-14T05:10:46.875Z] > authorizing via signed-in user
[info] i  emulators: Starting emulators: functions, hosting {"metadata":{"emulator":{"name":"hub"},"message":"Starting emulators: functions, hosting"}}
[debug] [2020-09-14T05:10:48.931Z] [hub] writing locator at C:\Users\Shyamal\AppData\Local\Temp\hub-clone-2496b.json
[warn] !  functions: The following emulators are not running, calls to these services from the Functions emulator will affect production: firestore, database, pubsub {"metadata":{"emulator":{"name":"functions"},"message":"The following emulators are not running, calls to these services from the Functions emulator will affect production: \u001b[1mfirestore, database, pubsub\u001b[22m"}}
[warn] !  Your requested "node" version "10" doesn't match your global version "12" {"metadata":{"emulator":{"name":"functions"},"message":"Your requested \"node\" version \"10\" doesn't match your global version \"12\""}}
[debug] [2020-09-14T05:10:51.139Z] defaultcredentials: writing to file C:\Users\Shyamal\AppData\Roaming\firebase\patelshyamal016_gmail_com_application_default_credentials.json
[debug] [2020-09-14T05:10:51.151Z] Setting GAC to C:\Users\Shyamal\AppData\Roaming\firebase\patelshyamal016_gmail_com_application_default_credentials.json {"metadata":{"emulator":{"name":"functions"},"message":"Setting GAC to C:\\Users\\Shyamal\\AppData\\Roaming\\firebase\\patelshyamal016_gmail_com_application_default_credentials.json"}}
[debug] [2020-09-14T05:10:53.189Z] > refreshing access token with scopes: ["email","https://www.googleapis.com/auth/cloud-platform","https://www.googleapis.com/auth/cloudplatformprojects.readonly","https://www.googleapis.com/auth/firebase","openid"]
[debug] [2020-09-14T05:10:53.190Z] >>> HTTP REQUEST POST https://www.googleapis.com/oauth2/v3/token  
 <request body omitted>
[debug] [2020-09-14T05:10:53.474Z] <<< HTTP RESPONSE 200 {"content-type":"application/json; charset=utf-8","vary":"X-Origin, Referer, Origin,Accept-Encoding","date":"Mon, 14 Sep 2020 05:10:54 GMT","server":"scaffolding on HTTPServer2","cache-control":"private","x-xss-protection":"0","x-frame-options":"SAMEORIGIN","x-content-type-options":"nosniff","alt-svc":"h3-29=\":443\"; ma=2592000,h3-27=\":443\"; ma=2592000,h3-T051=\":443\"; ma=2592000,h3-T050=\":443\"; ma=2592000,h3-Q050=\":443\"; ma=2592000,h3-Q046=\":443\"; ma=2592000,h3-Q043=\":443\"; ma=2592000,quic=\":443\"; ma=2592000; v=\"46,43\"","accept-ranges":"none","transfer-encoding":"chunked"}
[debug] [2020-09-14T05:10:53.761Z] >>> HTTP REQUEST GET https://firebase.googleapis.com/v1beta1/projects/clone-2496b/webApps/-/config  
 
[debug] [2020-09-14T05:10:55.314Z] <<< HTTP RESPONSE 200 {"content-type":"application/json; charset=UTF-8","vary":"X-Origin, Referer, Origin,Accept-Encoding","date":"Mon, 14 Sep 2020 05:10:56 GMT","server":"ESF","cache-control":"private","x-xss-protection":"0","x-frame-options":"SAMEORIGIN","x-content-type-options":"nosniff","alt-svc":"h3-29=\":443\"; ma=2592000,h3-27=\":443\"; ma=2592000,h3-T051=\":443\"; ma=2592000,h3-T050=\":443\"; ma=2592000,h3-Q050=\":443\"; ma=2592000,h3-Q046=\":443\"; ma=2592000,h3-Q043=\":443\"; ma=2592000,quic=\":443\"; ma=2592000; v=\"46,43\"","accept-ranges":"none","transfer-encoding":"chunked"}
[info] i  hosting: Serving hosting files from: build {"metadata":{"emulator":{"name":"hosting"},"message":"Serving hosting files from: \u001b[1mbuild\u001b[22m"}}
[info] +  hosting: Local server: http://localhost:5000 {"metadata":{"emulator":{"name":"hosting"},"message":"Local server: \u001b[4m\u001b[1mhttp://localhost:5000\u001b[22m\u001b[24m"}}
[debug] [2020-09-14T05:10:59.808Z] Ignoring unsupported arg: auto_download {"metadata":{"emulator":{"name":"ui"},"message":"Ignoring unsupported arg: auto_download"}}
[debug] [2020-09-14T05:10:59.809Z] Ignoring unsupported arg: port {"metadata":{"emulator":{"name":"ui"},"message":"Ignoring unsupported arg: port"}}
[debug] [2020-09-14T05:10:59.810Z] Starting Emulator UI with command {"binary":"node","args":["C:\\Users\\Shyamal\\.cache\\firebase\\emulators\\ui-v1.1.1\\server.bundle.js"],"optionalArgs":[],"joinArgs":false} {"metadata":{"emulator":{"name":"ui"},"message":"Starting Emulator UI with command {\"binary\":\"node\",\"args\":[\"C:\\\\Users\\\\Shyamal\\\\.cache\\\\firebase\\\\emulators\\\\ui-v1.1.1\\\\server.bundle.js\"],\"optionalArgs\":[],\"joinArgs\":false}"}}
[info] i  ui: Emulator UI logging to ui-debug.log {"metadata":{"emulator":{"name":"ui"},"message":"Emulator UI logging to \u001b[1mui-debug.log\u001b[22m"}}
[debug] [2020-09-14T05:11:00.583Z] Web / API server started at http://localhost:4000
 {"metadata":{"emulator":{"name":"ui"},"message":"Web / API server started at http://localhost:4000\n"}}
[info] i  functions: Watching "D:\reactjs\amazon\amazon\functions" for Cloud Functions... {"metadata":{"emulator":{"name":"functions"},"message":"Watching \"D:\\reactjs\\amazon\\amazon\\functions\" for Cloud Functions..."}}
[debug] [2020-09-14T05:11:01.178Z] [worker-pool] addWorker(~diagnostic~) {"metadata":{"emulator":{"name":"functions"},"message":"[worker-pool] addWorker(~diagnostic~)"}}
[debug] [2020-09-14T05:11:01.178Z] [worker-pool] Adding worker with key ~diagnostic~, total=1 {"metadata":{"emulator":{"name":"functions"},"message":"[worker-pool] Adding worker with key ~diagnostic~, total=1"}}
[debug] [2020-09-14T05:11:01.178Z] [worker-pool] submitWork(triggerId=) {"metadata":{"emulator":{"name":"functions"},"message":"[worker-pool] submitWork(triggerId=)"}}
[debug] [2020-09-14T05:11:01.179Z] [worker-~diagnostic~-df8b721f-9977-4df8-98ee-f154d1a20d26]: Assigning socketPath: \\?\pipe\D:\reactjs\amazon\amazon\functions\6712 {"metadata":{"emulator":{"name":"functions"},"message":"[worker-~diagnostic~-df8b721f-9977-4df8-98ee-f154d1a20d26]: Assigning socketPath: \\\\?\\pipe\\D:\\reactjs\\amazon\\amazon\\functions\\6712"}}
[debug] [2020-09-14T05:11:01.179Z] [worker-~diagnostic~-df8b721f-9977-4df8-98ee-f154d1a20d26]: BUSY {"metadata":{"emulator":{"name":"functions"},"message":"[worker-~diagnostic~-df8b721f-9977-4df8-98ee-f154d1a20d26]: BUSY"}}
[debug] [2020-09-14T05:11:01.612Z] [runtime-status] [6712] Functions runtime initialized. {"cwd":"D:\\reactjs\\amazon\\amazon\\functions","node_version":"12.16.3"} {"metadata":{"emulator":{"name":"functions"},"message":"[runtime-status] [6712] Functions runtime initialized. {\"cwd\":\"D:\\\\reactjs\\\\amazon\\\\amazon\\\\functions\",\"node_version\":\"12.16.3\"}"}}
[debug] [2020-09-14T05:11:01.614Z] [runtime-status] [6712] Disabled runtime features: undefined {"metadata":{"emulator":{"name":"functions"},"message":"[runtime-status] [6712] Disabled runtime features: undefined"}}
[debug] [2020-09-14T05:11:01.654Z] [runtime-status] [6712] Resolved module firebase-admin {"declared":true,"installed":true,"version":"8.13.0","resolution":"D:\\reactjs\\amazon\\amazon\\functions\\node_modules\\firebase-admin\\lib\\index.js"} {"metadata":{"emulator":{"name":"functions"},"message":"[runtime-status] [6712] Resolved module firebase-admin {\"declared\":true,\"installed\":true,\"version\":\"8.13.0\",\"resolution\":\"D:\\\\reactjs\\\\amazon\\\\amazon\\\\functions\\\\node_modules\\\\firebase-admin\\\\lib\\\\index.js\"}"}}
[debug] [2020-09-14T05:11:01.671Z] [runtime-status] [6712] Resolved module firebase-functions {"declared":true,"installed":true,"version":"3.11.0","resolution":"D:\\reactjs\\amazon\\amazon\\functions\\node_modules\\firebase-functions\\lib\\index.js"} {"metadata":{"emulator":{"name":"functions"},"message":"[runtime-status] [6712] Resolved module firebase-functions {\"declared\":true,\"installed\":true,\"version\":\"3.11.0\",\"resolution\":\"D:\\\\reactjs\\\\amazon\\\\amazon\\\\functions\\\\node_modules\\\\firebase-functions\\\\lib\\\\index.js\"}"}}
[debug] [2020-09-14T05:11:01.672Z] [runtime-status] [6712] Resolved module firebase-functions {"declared":true,"installed":true,"version":"3.11.0","resolution":"D:\\reactjs\\amazon\\amazon\\functions\\node_modules\\firebase-functions\\lib\\index.js"} {"metadata":{"emulator":{"name":"functions"},"message":"[runtime-status] [6712] Resolved module firebase-functions {\"declared\":true,\"installed\":true,\"version\":\"3.11.0\",\"resolution\":\"D:\\\\reactjs\\\\amazon\\\\amazon\\\\functions\\\\node_modules\\\\firebase-functions\\\\lib\\\\index.js\"}"}}
[debug] [2020-09-14T05:11:01.674Z] [runtime-status] [6712] Outgoing network have been stubbed. [{"name":"http","status":"mocked"},{"name":"http","status":"mocked"},{"name":"https","status":"mocked"},{"name":"https","status":"mocked"},{"name":"net","status":"mocked"}] {"metadata":{"emulator":{"name":"functions"},"message":"[runtime-status] [6712] Outgoing network have been stubbed. [{\"name\":\"http\",\"status\":\"mocked\"},{\"name\":\"http\",\"status\":\"mocked\"},{\"name\":\"https\",\"status\":\"mocked\"},{\"name\":\"https\",\"status\":\"mocked\"},{\"name\":\"net\",\"status\":\"mocked\"}]"}}
[debug] [2020-09-14T05:11:01.675Z] [runtime-status] [6712] Resolved module firebase-functions {"declared":true,"installed":true,"version":"3.11.0","resolution":"D:\\reactjs\\amazon\\amazon\\functions\\node_modules\\firebase-functions\\lib\\index.js"} {"metadata":{"emulator":{"name":"functions"},"message":"[runtime-status] [6712] Resolved module firebase-functions {\"declared\":true,\"installed\":true,\"version\":\"3.11.0\",\"resolution\":\"D:\\\\reactjs\\\\amazon\\\\amazon\\\\functions\\\\node_modules\\\\firebase-functions\\\\lib\\\\index.js\"}"}}
[debug] [2020-09-14T05:11:02.477Z] [runtime-status] [6712] Checked functions.config() {"config":{}} {"metadata":{"emulator":{"name":"functions"},"message":"[runtime-status] [6712] Checked functions.config() {\"config\":{}}"}}
[debug] [2020-09-14T05:11:02.478Z] [runtime-status] [6712] firebase-functions has been stubbed. {"functionsResolution":{"declared":true,"installed":true,"version":"3.11.0","resolution":"D:\\reactjs\\amazon\\amazon\\functions\\node_modules\\firebase-functions\\lib\\index.js"}} {"metadata":{"emulator":{"name":"functions"},"message":"[runtime-status] [6712] firebase-functions has been stubbed. {\"functionsResolution\":{\"declared\":true,\"installed\":true,\"version\":\"3.11.0\",\"resolution\":\"D:\\\\reactjs\\\\amazon\\\\amazon\\\\functions\\\\node_modules\\\\firebase-functions\\\\lib\\\\index.js\"}}"}}
[debug] [2020-09-14T05:11:02.480Z] [runtime-status] [6712] Resolved module firebase-functions {"declared":true,"installed":true,"version":"3.11.0","resolution":"D:\\reactjs\\amazon\\amazon\\functions\\node_modules\\firebase-functions\\lib\\index.js"} {"metadata":{"emulator":{"name":"functions"},"message":"[runtime-status] [6712] Resolved module firebase-functions {\"declared\":true,\"installed\":true,\"version\":\"3.11.0\",\"resolution\":\"D:\\\\reactjs\\\\amazon\\\\amazon\\\\functions\\\\node_modules\\\\firebase-functions\\\\lib\\\\index.js\"}"}}
[debug] [2020-09-14T05:11:02.485Z] [runtime-status] [6712] Resolved module firebase-admin {"declared":true,"installed":true,"version":"8.13.0","resolution":"D:\\reactjs\\amazon\\amazon\\functions\\node_modules\\firebase-admin\\lib\\index.js"} {"metadata":{"emulator":{"name":"functions"},"message":"[runtime-status] [6712] Resolved module firebase-admin {\"declared\":true,\"installed\":true,\"version\":\"8.13.0\",\"resolution\":\"D:\\\\reactjs\\\\amazon\\\\amazon\\\\functions\\\\node_modules\\\\firebase-admin\\\\lib\\\\index.js\"}"}}
[debug] [2020-09-14T05:11:02.487Z] [runtime-status] [6712] Resolved module firebase-functions {"declared":true,"installed":true,"version":"3.11.0","resolution":"D:\\reactjs\\amazon\\amazon\\functions\\node_modules\\firebase-functions\\lib\\index.js"} {"metadata":{"emulator":{"name":"functions"},"message":"[runtime-status] [6712] Resolved module firebase-functions {\"declared\":true,\"installed\":true,\"version\":\"3.11.0\",\"resolution\":\"D:\\\\reactjs\\\\amazon\\\\amazon\\\\functions\\\\node_modules\\\\firebase-functions\\\\lib\\\\index.js\"}"}}
[debug] [2020-09-14T05:11:02.488Z] [runtime-status] [6712] firebase-admin has been stubbed. {"adminResolution":{"declared":true,"installed":true,"version":"8.13.0","resolution":"D:\\reactjs\\amazon\\amazon\\functions\\node_modules\\firebase-admin\\lib\\index.js"}} {"metadata":{"emulator":{"name":"functions"},"message":"[runtime-status] [6712] firebase-admin has been stubbed. {\"adminResolution\":{\"declared\":true,\"installed\":true,\"version\":\"8.13.0\",\"resolution\":\"D:\\\\reactjs\\\\amazon\\\\amazon\\\\functions\\\\node_modules\\\\firebase-admin\\\\lib\\\\index.js\"}}"}}
[info] +  functions[api]: http function initialized (http://localhost:5001/clone-2496b/us-central1/api). {"metadata":{"emulator":{"name":"functions"},"message":"\u001b[1mhttp\u001b[22m function initialized (http://localhost:5001/clone-2496b/us-central1/api)."}}
[info] 
┌───────────────────────────────────────────────────────────────────────┐
│ ✔  All emulators ready! View status and logs at http://localhost:4000 │
└───────────────────────────────────────────────────────────────────────┘

┌───────────┬────────────────┬─────────────────────────────────┐
│ Emulator  │ Host:Port      │ View in Emulator UI             │
├───────────┼────────────────┼─────────────────────────────────┤
│ Functions │ localhost:5001 │ http://localhost:4000/functions │
├───────────┼────────────────┼─────────────────────────────────┤
│ Hosting   │ localhost:5000 │ n/a                             │
└───────────┴────────────────┴─────────────────────────────────┘
  Other reserved ports: 4400, 4500

Issues? Report them at https://github.com/firebase/firebase-tools/issues and attach the *-debug.log files.
 
[debug] [2020-09-14T05:11:05.458Z] [worker-~diagnostic~-df8b721f-9977-4df8-98ee-f154d1a20d26]: IDLE {"metadata":{"emulator":{"name":"functions"},"message":"[worker-~diagnostic~-df8b721f-9977-4df8-98ee-f154d1a20d26]: IDLE"}}
[debug] [2020-09-14T05:11:49.575Z] [work-queue] {"queueLength":1,"workRunningCount":0}
[debug] [2020-09-14T05:11:49.576Z] [work-queue] {"queueLength":0,"workRunningCount":1}
[debug] [2020-09-14T05:11:49.577Z] Accepted request POST /clone-2496b/us-central1/api/payments/create?total=179800 --> api
[debug] [2020-09-14T05:11:50.185Z] [worker-pool] addWorker(api) {"metadata":{"emulator":{"name":"functions"},"message":"[worker-pool] addWorker(api)"}}
[debug] [2020-09-14T05:11:50.186Z] [worker-pool] Adding worker with key api, total=1 {"metadata":{"emulator":{"name":"functions"},"message":"[worker-pool] Adding worker with key api, total=1"}}
[debug] [2020-09-14T05:11:50.186Z] [worker-pool] submitWork(triggerId=api) {"metadata":{"emulator":{"name":"functions"},"message":"[worker-pool] submitWork(triggerId=api)"}}
[debug] [2020-09-14T05:11:50.186Z] [worker-api-01827120-1ddf-4bd7-b4a7-e7bf256b5a4f]: Assigning socketPath: \\?\pipe\D:\reactjs\amazon\amazon\functions\9268 {"metadata":{"emulator":{"name":"functions"},"message":"[worker-api-01827120-1ddf-4bd7-b4a7-e7bf256b5a4f]: Assigning socketPath: \\\\?\\pipe\\D:\\reactjs\\amazon\\amazon\\functions\\9268"}}
[debug] [2020-09-14T05:11:50.186Z] [worker-api-01827120-1ddf-4bd7-b4a7-e7bf256b5a4f]: BUSY {"metadata":{"emulator":{"name":"functions"},"message":"[worker-api-01827120-1ddf-4bd7-b4a7-e7bf256b5a4f]: BUSY"}}
[debug] [2020-09-14T05:11:50.918Z] [runtime-status] [9268] Functions runtime initialized. {"cwd":"D:\\reactjs\\amazon\\amazon\\functions","node_version":"12.16.3"} {"metadata":{"emulator":{"name":"functions"},"function":{"name":"api"},"message":"[runtime-status] [9268] Functions runtime initialized. {\"cwd\":\"D:\\\\reactjs\\\\amazon\\\\amazon\\\\functions\",\"node_version\":\"12.16.3\"}"}}
[debug] [2020-09-14T05:11:50.922Z] [runtime-status] [9268] Disabled runtime features: undefined {"metadata":{"emulator":{"name":"functions"},"function":{"name":"api"},"message":"[runtime-status] [9268] Disabled runtime features: undefined"}}
[debug] [2020-09-14T05:11:50.927Z] [runtime-status] [9268] Resolved module firebase-admin {"declared":true,"installed":true,"version":"8.13.0","resolution":"D:\\reactjs\\amazon\\amazon\\functions\\node_modules\\firebase-admin\\lib\\index.js"} {"metadata":{"emulator":{"name":"functions"},"function":{"name":"api"},"message":"[runtime-status] [9268] Resolved module firebase-admin {\"declared\":true,\"installed\":true,\"version\":\"8.13.0\",\"resolution\":\"D:\\\\reactjs\\\\amazon\\\\amazon\\\\functions\\\\node_modules\\\\firebase-admin\\\\lib\\\\index.js\"}"}}
[debug] [2020-09-14T05:11:50.932Z] [runtime-status] [9268] Resolved module firebase-functions {"declared":true,"installed":true,"version":"3.11.0","resolution":"D:\\reactjs\\amazon\\amazon\\functions\\node_modules\\firebase-functions\\lib\\index.js"} {"metadata":{"emulator":{"name":"functions"},"function":{"name":"api"},"message":"[runtime-status] [9268] Resolved module firebase-functions {\"declared\":true,\"installed\":true,\"version\":\"3.11.0\",\"resolution\":\"D:\\\\reactjs\\\\amazon\\\\amazon\\\\functions\\\\node_modules\\\\firebase-functions\\\\lib\\\\index.js\"}"}}
[debug] [2020-09-14T05:11:50.934Z] [runtime-status] [9268] Resolved module firebase-functions {"declared":true,"installed":true,"version":"3.11.0","resolution":"D:\\reactjs\\amazon\\amazon\\functions\\node_modules\\firebase-functions\\lib\\index.js"} {"metadata":{"emulator":{"name":"functions"},"function":{"name":"api"},"message":"[runtime-status] [9268] Resolved module firebase-functions {\"declared\":true,\"installed\":true,\"version\":\"3.11.0\",\"resolution\":\"D:\\\\reactjs\\\\amazon\\\\amazon\\\\functions\\\\node_modules\\\\firebase-functions\\\\lib\\\\index.js\"}"}}
[debug] [2020-09-14T05:11:50.937Z] [runtime-status] [9268] Outgoing network have been stubbed. [{"name":"http","status":"mocked"},{"name":"http","status":"mocked"},{"name":"https","status":"mocked"},{"name":"https","status":"mocked"},{"name":"net","status":"mocked"}] {"metadata":{"emulator":{"name":"functions"},"function":{"name":"api"},"message":"[runtime-status] [9268] Outgoing network have been stubbed. [{\"name\":\"http\",\"status\":\"mocked\"},{\"name\":\"http\",\"status\":\"mocked\"},{\"name\":\"https\",\"status\":\"mocked\"},{\"name\":\"https\",\"status\":\"mocked\"},{\"name\":\"net\",\"status\":\"mocked\"}]"}}
[debug] [2020-09-14T05:11:50.938Z] [runtime-status] [9268] Resolved module firebase-functions {"declared":true,"installed":true,"version":"3.11.0","resolution":"D:\\reactjs\\amazon\\amazon\\functions\\node_modules\\firebase-functions\\lib\\index.js"} {"metadata":{"emulator":{"name":"functions"},"function":{"name":"api"},"message":"[runtime-status] [9268] Resolved module firebase-functions {\"declared\":true,\"installed\":true,\"version\":\"3.11.0\",\"resolution\":\"D:\\\\reactjs\\\\amazon\\\\amazon\\\\functions\\\\node_modules\\\\firebase-functions\\\\lib\\\\index.js\"}"}}
[debug] [2020-09-14T05:11:51.006Z] [runtime-status] [9268] Checked functions.config() {"config":{}} {"metadata":{"emulator":{"name":"functions"},"function":{"name":"api"},"message":"[runtime-status] [9268] Checked functions.config() {\"config\":{}}"}}
[debug] [2020-09-14T05:11:51.007Z] [runtime-status] [9268] firebase-functions has been stubbed. {"functionsResolution":{"declared":true,"installed":true,"version":"3.11.0","resolution":"D:\\reactjs\\amazon\\amazon\\functions\\node_modules\\firebase-functions\\lib\\index.js"}} {"metadata":{"emulator":{"name":"functions"},"function":{"name":"api"},"message":"[runtime-status] [9268] firebase-functions has been stubbed. {\"functionsResolution\":{\"declared\":true,\"installed\":true,\"version\":\"3.11.0\",\"resolution\":\"D:\\\\reactjs\\\\amazon\\\\amazon\\\\functions\\\\node_modules\\\\firebase-functions\\\\lib\\\\index.js\"}}"}}
[debug] [2020-09-14T05:11:51.007Z] [runtime-status] [9268] Resolved module firebase-functions {"declared":true,"installed":true,"version":"3.11.0","resolution":"D:\\reactjs\\amazon\\amazon\\functions\\node_modules\\firebase-functions\\lib\\index.js"} {"metadata":{"emulator":{"name":"functions"},"function":{"name":"api"},"message":"[runtime-status] [9268] Resolved module firebase-functions {\"declared\":true,\"installed\":true,\"version\":\"3.11.0\",\"resolution\":\"D:\\\\reactjs\\\\amazon\\\\amazon\\\\functions\\\\node_modules\\\\firebase-functions\\\\lib\\\\index.js\"}"}}
[debug] [2020-09-14T05:11:51.010Z] [runtime-status] [9268] Resolved module firebase-admin {"declared":true,"installed":true,"version":"8.13.0","resolution":"D:\\reactjs\\amazon\\amazon\\functions\\node_modules\\firebase-admin\\lib\\index.js"} {"metadata":{"emulator":{"name":"functions"},"function":{"name":"api"},"message":"[runtime-status] [9268] Resolved module firebase-admin {\"declared\":true,\"installed\":true,\"version\":\"8.13.0\",\"resolution\":\"D:\\\\reactjs\\\\amazon\\\\amazon\\\\functions\\\\node_modules\\\\firebase-admin\\\\lib\\\\index.js\"}"}}
[debug] [2020-09-14T05:11:51.010Z] [runtime-status] [9268] Resolved module firebase-functions {"declared":true,"installed":true,"version":"3.11.0","resolution":"D:\\reactjs\\amazon\\amazon\\functions\\node_modules\\firebase-functions\\lib\\index.js"} {"metadata":{"emulator":{"name":"functions"},"function":{"name":"api"},"message":"[runtime-status] [9268] Resolved module firebase-functions {\"declared\":true,\"installed\":true,\"version\":\"3.11.0\",\"resolution\":\"D:\\\\reactjs\\\\amazon\\\\amazon\\\\functions\\\\node_modules\\\\firebase-functions\\\\lib\\\\index.js\"}"}}
[debug] [2020-09-14T05:11:51.011Z] [runtime-status] [9268] firebase-admin has been stubbed. {"adminResolution":{"declared":true,"installed":true,"version":"8.13.0","resolution":"D:\\reactjs\\amazon\\amazon\\functions\\node_modules\\firebase-admin\\lib\\index.js"}} {"metadata":{"emulator":{"name":"functions"},"function":{"name":"api"},"message":"[runtime-status] [9268] firebase-admin has been stubbed. {\"adminResolution\":{\"declared\":true,\"installed\":true,\"version\":\"8.13.0\",\"resolution\":\"D:\\\\reactjs\\\\amazon\\\\amazon\\\\functions\\\\node_modules\\\\firebase-admin\\\\lib\\\\index.js\"}}"}}
[debug] [2020-09-14T05:11:51.266Z] [runtime-status] [9268] Trigger "api" has been found, beginning invocation! {"metadata":{"emulator":{"name":"functions"},"function":{"name":"api"},"message":"[runtime-status] [9268] Trigger \"api\" has been found, beginning invocation!"}}
[info] i  functions: Beginning execution of "api" {"metadata":{"emulator":{"name":"functions"},"function":{"name":"api"},"message":"Beginning execution of \"api\""}}
[debug] [2020-09-14T05:11:51.268Z] [runtime-status] [9268] triggerDefinition {"httpsTrigger":{},"name":"api","entryPoint":"api"} {"metadata":{"emulator":{"name":"functions"},"function":{"name":"api"},"message":"[runtime-status] [9268] triggerDefinition {\"httpsTrigger\":{},\"name\":\"api\",\"entryPoint\":\"api\"}"}}
[debug] [2020-09-14T05:11:51.269Z] [runtime-status] [9268] Running api in mode HTTPS {"metadata":{"emulator":{"name":"functions"},"function":{"name":"api"},"message":"[runtime-status] [9268] Running api in mode HTTPS"}}
[debug] [2020-09-14T05:11:51.277Z] [runtime-status] [9268] Attempting to listen to socketPath: \\?\pipe\D:\reactjs\amazon\amazon\functions\9268 {"metadata":{"emulator":{"name":"functions"},"function":{"name":"api"},"message":"[runtime-status] [9268] Attempting to listen to socketPath: \\\\?\\pipe\\D:\\reactjs\\amazon\\amazon\\functions\\9268"}}
[debug] [2020-09-14T05:11:51.284Z] [functions] Runtime ready! Sending request! {"metadata":{"emulator":{"name":"functions"},"message":"[functions] Runtime ready! Sending request!"}}
[debug] [2020-09-14T05:11:51.294Z] [runtime-status] [9268] Ephemeral server handling POST request {"metadata":{"emulator":{"name":"functions"},"function":{"name":"api"},"message":"[runtime-status] [9268] Ephemeral server handling POST request"}}
[info] >  Payment Request Recieved BOOM!!! for this amount >>>  179800 {"user":"Payment Request Recieved BOOM!!! for this amount >>>  179800","metadata":{"emulator":{"name":"functions"},"function":{"name":"api"},"message":"\u001b[90m> \u001b[39m Payment Request Recieved BOOM!!! for this amount >>>  179800"}}
[debug] [2020-09-14T05:11:51.316Z] [runtime-status] [9268] Ephemeral server survived. {"metadata":{"emulator":{"name":"functions"},"function":{"name":"api"},"message":"[runtime-status] [9268] Ephemeral server survived."}}
[info] >  HI from index {"user":"HI from index","metadata":{"emulator":{"name":"functions"},"function":{"name":"api"},"message":"\u001b[90m> \u001b[39m HI from index"}}
[info] i  functions: Finished "api" in ~1s {"metadata":{"emulator":{"name":"functions"},"function":{"name":"api"},"message":"Finished \"api\" in ~1s"}}
[debug] [2020-09-14T05:11:52.184Z] [worker-api-01827120-1ddf-4bd7-b4a7-e7bf256b5a4f]: IDLE {"metadata":{"emulator":{"name":"functions"},"message":"[worker-api-01827120-1ddf-4bd7-b4a7-e7bf256b5a4f]: IDLE"}}
[debug] [2020-09-14T05:11:52.185Z] [work-queue] {"queueLength":0,"workRunningCount":0}
[debug] [2020-09-14T05:21:10.820Z] [work-queue] {"queueLength":1,"workRunningCount":0}
[debug] [2020-09-14T05:21:10.821Z] [work-queue] {"queueLength":0,"workRunningCount":1}
[debug] [2020-09-14T05:21:10.821Z] Accepted request POST /clone-2496b/us-central1/api/payments/create?total=169800 --> api
[debug] [2020-09-14T05:21:10.822Z] [worker-pool] submitWork(triggerId=api) {"metadata":{"emulator":{"name":"functions"},"message":"[worker-pool] submitWork(triggerId=api)"}}
[debug] [2020-09-14T05:21:10.822Z] [worker-api-01827120-1ddf-4bd7-b4a7-e7bf256b5a4f]: Assigning socketPath: \\?\pipe\D:\reactjs\amazon\amazon\functions\9268 {"metadata":{"emulator":{"name":"functions"},"message":"[worker-api-01827120-1ddf-4bd7-b4a7-e7bf256b5a4f]: Assigning socketPath: \\\\?\\pipe\\D:\\reactjs\\amazon\\amazon\\functions\\9268"}}
[debug] [2020-09-14T05:21:10.822Z] [worker-api-01827120-1ddf-4bd7-b4a7-e7bf256b5a4f]: BUSY {"metadata":{"emulator":{"name":"functions"},"message":"[worker-api-01827120-1ddf-4bd7-b4a7-e7bf256b5a4f]: BUSY"}}
[debug] [2020-09-14T05:21:10.825Z] [runtime-status] [9268] Trigger "api" has been found, beginning invocation! {"metadata":{"emulator":{"name":"functions"},"function":{"name":"api"},"message":"[runtime-status] [9268] Trigger \"api\" has been found, beginning invocation!"}}
[info] i  functions: Beginning execution of "api" {"metadata":{"emulator":{"name":"functions"},"function":{"name":"api"},"message":"Beginning execution of \"api\""}}
[debug] [2020-09-14T05:21:10.830Z] [runtime-status] [9268] triggerDefinition {"httpsTrigger":{},"name":"api","entryPoint":"api"} {"metadata":{"emulator":{"name":"functions"},"function":{"name":"api"},"message":"[runtime-status] [9268] triggerDefinition {\"httpsTrigger\":{},\"name\":\"api\",\"entryPoint\":\"api\"}"}}
[debug] [2020-09-14T05:21:10.831Z] [runtime-status] [9268] Running api in mode HTTPS {"metadata":{"emulator":{"name":"functions"},"function":{"name":"api"},"message":"[runtime-status] [9268] Running api in mode HTTPS"}}
[debug] [2020-09-14T05:21:10.832Z] [runtime-status] [9268] Attempting to listen to socketPath: \\?\pipe\D:\reactjs\amazon\amazon\functions\9268 {"metadata":{"emulator":{"name":"functions"},"function":{"name":"api"},"message":"[runtime-status] [9268] Attempting to listen to socketPath: \\\\?\\pipe\\D:\\reactjs\\amazon\\amazon\\functions\\9268"}}
[debug] [2020-09-14T05:21:10.835Z] [functions] Runtime ready! Sending request! {"metadata":{"emulator":{"name":"functions"},"message":"[functions] Runtime ready! Sending request!"}}
[debug] [2020-09-14T05:21:10.843Z] [runtime-status] [9268] Ephemeral server handling POST request {"metadata":{"emulator":{"name":"functions"},"function":{"name":"api"},"message":"[runtime-status] [9268] Ephemeral server handling POST request"}}
[info] >  Payment Request Recieved BOOM!!! for this amount >>>  169800 {"user":"Payment Request Recieved BOOM!!! for this amount >>>  169800","metadata":{"emulator":{"name":"functions"},"function":{"name":"api"},"message":"\u001b[90m> \u001b[39m Payment Request Recieved BOOM!!! for this amount >>>  169800"}}
[debug] [2020-09-14T05:21:10.863Z] [runtime-status] [9268] Ephemeral server survived. {"metadata":{"emulator":{"name":"functions"},"function":{"name":"api"},"message":"[runtime-status] [9268] Ephemeral server survived."}}
[info] >  HI from index {"user":"HI from index","metadata":{"emulator":{"name":"functions"},"function":{"name":"api"},"message":"\u001b[90m> \u001b[39m HI from index"}}
[info] i  functions: Finished "api" in ~1s {"metadata":{"emulator":{"name":"functions"},"function":{"name":"api"},"message":"Finished \"api\" in ~1s"}}
[debug] [2020-09-14T05:21:11.484Z] [worker-api-01827120-1ddf-4bd7-b4a7-e7bf256b5a4f]: IDLE {"metadata":{"emulator":{"name":"functions"},"message":"[worker-api-01827120-1ddf-4bd7-b4a7-e7bf256b5a4f]: IDLE"}}
[debug] [2020-09-14T05:21:11.485Z] [work-queue] {"queueLength":0,"workRunningCount":0}
[debug] [2020-09-14T06:12:24.462Z] [worker-api-01827120-1ddf-4bd7-b4a7-e7bf256b5a4f]: exited {"metadata":{"emulator":{"name":"functions"},"message":"[worker-api-01827120-1ddf-4bd7-b4a7-e7bf256b5a4f]: exited"}}
[debug] [2020-09-14T06:12:24.463Z] [worker-api-01827120-1ddf-4bd7-b4a7-e7bf256b5a4f]: FINISHED {"metadata":{"emulator":{"name":"functions"},"message":"[worker-api-01827120-1ddf-4bd7-b4a7-e7bf256b5a4f]: FINISHED"}}
[debug] [2020-09-14T06:12:24.471Z] [worker-~diagnostic~-df8b721f-9977-4df8-98ee-f154d1a20d26]: exited {"metadata":{"emulator":{"name":"functions"},"message":"[worker-~diagnostic~-df8b721f-9977-4df8-98ee-f154d1a20d26]: exited"}}
